<?xml version="1.0" ?>
<!DOCTYPE coverage SYSTEM "http://cobertura.sourceforge.net/xml/coverage-04.dtd">
<coverage lines-valid="3445"  lines-covered="622"  line-rate="0.18059999999999998"  branches-valid="3682"  branches-covered="392"  branch-rate="0.1065"  timestamp="1475665576460" complexity="0" version="0.1">
<sources>
	<source>C:\wamp64\www\Dropbox\git\Naukri-Frontend-Engineering\tabs</source>
</sources>
<packages>
	<package name="coverage.lcov-report"  line-rate="0.2078"  branch-rate="0.317" >
	<classes>
		<class name="prettify.js"  filename="src\coverage\lcov-report\prettify.js"  line-rate="1"  branch-rate="0.34149999999999997" >
		<methods>
			<method name="(anonymous_1)"  hits="1"  signature="()V" >
				<lines><line number="1"  hits="1" /></lines>
			</method>
			<method name="k"  hits="19"  signature="()V" >
				<lines><line number="1"  hits="19" /></lines>
			</method>
			<method name="ab"  hits="330"  signature="()V" >
				<lines><line number="1"  hits="330" /></lines>
			</method>
			<method name="T"  hits="440"  signature="()V" >
				<lines><line number="1"  hits="440" /></lines>
			</method>
			<method name="X"  hits="77"  signature="()V" >
				<lines><line number="1"  hits="77" /></lines>
			</method>
			<method name="(anonymous_6)"  hits="407"  signature="()V" >
				<lines><line number="1"  hits="407" /></lines>
			</method>
			<method name="W"  hits="202"  signature="()V" >
				<lines><line number="1"  hits="202" /></lines>
			</method>
			<method name="(anonymous_8)"  hits="22"  signature="()V" >
				<lines><line number="1"  hits="22" /></lines>
			</method>
			<method name="a"  hits="0"  signature="()V" >
				<lines><line number="1"  hits="0" /></lines>
			</method>
			<method name="aa"  hits="0"  signature="()V" >
				<lines><line number="1"  hits="0" /></lines>
			</method>
			<method name="B"  hits="0"  signature="()V" >
				<lines><line number="1"  hits="0" /></lines>
			</method>
			<method name="o"  hits="0"  signature="()V" >
				<lines><line number="1"  hits="0" /></lines>
			</method>
			<method name="g"  hits="19"  signature="()V" >
				<lines><line number="1"  hits="19" /></lines>
			</method>
			<method name="(anonymous_14)"  hits="19"  signature="()V" >
				<lines><line number="1"  hits="19" /></lines>
			</method>
			<method name="(anonymous_15)"  hits="0"  signature="()V" >
				<lines><line number="1"  hits="0" /></lines>
			</method>
			<method name="i"  hits="11"  signature="()V" >
				<lines><line number="1"  hits="11" /></lines>
			</method>
			<method name="Q"  hits="0"  signature="()V" >
				<lines><line number="1"  hits="0" /></lines>
			</method>
			<method name="ae"  hits="0"  signature="()V" >
				<lines><line number="1"  hits="0" /></lines>
			</method>
			<method name="ad"  hits="0"  signature="()V" >
				<lines><line number="1"  hits="0" /></lines>
			</method>
			<method name="ai"  hits="0"  signature="()V" >
				<lines><line number="1"  hits="0" /></lines>
			</method>
			<method name="D"  hits="0"  signature="()V" >
				<lines><line number="1"  hits="0" /></lines>
			</method>
			<method name="c"  hits="19"  signature="()V" >
				<lines><line number="1"  hits="19" /></lines>
			</method>
			<method name="q"  hits="0"  signature="()V" >
				<lines><line number="1"  hits="0" /></lines>
			</method>
			<method name="d"  hits="0"  signature="()V" >
				<lines><line number="1"  hits="0" /></lines>
			</method>
			<method name="y"  hits="0"  signature="()V" >
				<lines><line number="1"  hits="0" /></lines>
			</method>
			<method name="b"  hits="0"  signature="()V" >
				<lines><line number="1"  hits="0" /></lines>
			</method>
			<method name="Y"  hits="0"  signature="()V" >
				<lines><line number="1"  hits="0" /></lines>
			</method>
			<method name="(anonymous_28)"  hits="0"  signature="()V" >
				<lines><line number="1"  hits="0" /></lines>
			</method>
			<method name="U"  hits="0"  signature="()V" >
				<lines><line number="1"  hits="0" /></lines>
			</method>
		</methods>
		<lines>
			<line number="1"  hits="2729"  branch="true"  condition-coverage="34.154929577464785% (97/284)" />
		</lines>
		</class>
		<class name="sorter.js"  filename="src\coverage\lcov-report\sorter.js"  line-rate="0.1974"  branch-rate="0" >
		<methods>
			<method name="(anonymous_1)"  hits="1"  signature="()V" >
				<lines><line number="1"  hits="1" /></lines>
			</method>
			<method name="getTable"  hits="0"  signature="()V" >
				<lines><line number="10"  hits="0" /></lines>
			</method>
			<method name="getTableHeader"  hits="0"  signature="()V" >
				<lines><line number="12"  hits="0" /></lines>
			</method>
			<method name="getTableBody"  hits="0"  signature="()V" >
				<lines><line number="14"  hits="0" /></lines>
			</method>
			<method name="getNthColumn"  hits="0"  signature="()V" >
				<lines><line number="16"  hits="0" /></lines>
			</method>
			<method name="loadColumns"  hits="0"  signature="()V" >
				<lines><line number="19"  hits="0" /></lines>
			</method>
			<method name="loadRowData"  hits="0"  signature="()V" >
				<lines><line number="43"  hits="0" /></lines>
			</method>
			<method name="loadData"  hits="0"  signature="()V" >
				<lines><line number="62"  hits="0" /></lines>
			</method>
			<method name="sortByIndex"  hits="0"  signature="()V" >
				<lines><line number="71"  hits="0" /></lines>
			</method>
			<method name="(anonymous_10)"  hits="0"  signature="()V" >
				<lines><line number="73"  hits="0" /></lines>
			</method>
			<method name="(anonymous_11)"  hits="0"  signature="()V" >
				<lines><line number="85"  hits="0" /></lines>
			</method>
			<method name="removeSortIndicators"  hits="0"  signature="()V" >
				<lines><line number="102"  hits="0" /></lines>
			</method>
			<method name="addSortIndicators"  hits="0"  signature="()V" >
				<lines><line number="110"  hits="0" /></lines>
			</method>
			<method name="enableUI"  hits="0"  signature="()V" >
				<lines><line number="114"  hits="0" /></lines>
			</method>
			<method name="ithSorter"  hits="0"  signature="()V" >
				<lines><line number="117"  hits="0" /></lines>
			</method>
			<method name="(anonymous_16)"  hits="0"  signature="()V" >
				<lines><line number="120"  hits="0" /></lines>
			</method>
			<method name="(anonymous_17)"  hits="0"  signature="()V" >
				<lines><line number="147"  hits="0" /></lines>
			</method>
		</methods>
		<lines>
			<line number="1"  hits="1"  branch="false" />
			<line number="3"  hits="1"  branch="false" />
			<line number="10"  hits="1"  branch="false" />
			<line number="12"  hits="1"  branch="false" />
			<line number="14"  hits="1"  branch="false" />
			<line number="16"  hits="1"  branch="false" />
			<line number="19"  hits="1"  branch="false" />
			<line number="20"  hits="0"  branch="false" />
			<line number="26"  hits="0"  branch="false" />
			<line number="27"  hits="0"  branch="false" />
			<line number="28"  hits="0"  branch="false" />
			<line number="33"  hits="0"  branch="false" />
			<line number="34"  hits="0"  branch="true"  condition-coverage="0% (0/2)" />
			<line number="35"  hits="0"  branch="false" />
			<line number="36"  hits="0"  branch="false" />
			<line number="39"  hits="0"  branch="false" />
			<line number="43"  hits="1"  branch="false" />
			<line number="44"  hits="0"  branch="false" />
			<line number="50"  hits="0"  branch="false" />
			<line number="51"  hits="0"  branch="false" />
			<line number="52"  hits="0"  branch="false" />
			<line number="53"  hits="0"  branch="false" />
			<line number="54"  hits="0"  branch="true"  condition-coverage="0% (0/2)" />
			<line number="55"  hits="0"  branch="false" />
			<line number="57"  hits="0"  branch="false" />
			<line number="59"  hits="0"  branch="false" />
			<line number="62"  hits="1"  branch="false" />
			<line number="63"  hits="0"  branch="false" />
			<line number="66"  hits="0"  branch="false" />
			<line number="67"  hits="0"  branch="false" />
			<line number="71"  hits="1"  branch="false" />
			<line number="72"  hits="0"  branch="false" />
			<line number="74"  hits="0"  branch="false" />
			<line number="75"  hits="0"  branch="false" />
			<line number="76"  hits="0"  branch="true"  condition-coverage="0% (0/4)" />
			<line number="84"  hits="0"  branch="true"  condition-coverage="0% (0/2)" />
			<line number="85"  hits="0"  branch="false" />
			<line number="86"  hits="0"  branch="false" />
			<line number="90"  hits="0"  branch="false" />
			<line number="91"  hits="0"  branch="false" />
			<line number="92"  hits="0"  branch="false" />
			<line number="95"  hits="0"  branch="false" />
			<line number="97"  hits="0"  branch="false" />
			<line number="98"  hits="0"  branch="false" />
			<line number="102"  hits="1"  branch="false" />
			<line number="103"  hits="0"  branch="false" />
			<line number="106"  hits="0"  branch="false" />
			<line number="107"  hits="0"  branch="false" />
			<line number="110"  hits="1"  branch="false" />
			<line number="111"  hits="0"  branch="true"  condition-coverage="0% (0/2)" />
			<line number="114"  hits="1"  branch="false" />
			<line number="115"  hits="0"  branch="false" />
			<line number="118"  hits="0"  branch="false" />
			<line number="120"  hits="0"  branch="false" />
			<line number="121"  hits="0"  branch="false" />
			<line number="123"  hits="0"  branch="true"  condition-coverage="0% (0/2)" />
			<line number="124"  hits="0"  branch="false" />
			<line number="126"  hits="0"  branch="false" />
			<line number="127"  hits="0"  branch="false" />
			<line number="128"  hits="0"  branch="false" />
			<line number="129"  hits="0"  branch="false" />
			<line number="130"  hits="0"  branch="false" />
			<line number="133"  hits="0"  branch="false" />
			<line number="134"  hits="0"  branch="true"  condition-coverage="0% (0/2)" />
			<line number="137"  hits="0"  branch="false" />
			<line number="138"  hits="0"  branch="true"  condition-coverage="0% (0/2)" />
			<line number="139"  hits="0"  branch="false" />
			<line number="141"  hits="0"  branch="false" />
			<line number="147"  hits="1"  branch="false" />
			<line number="148"  hits="0"  branch="true"  condition-coverage="0% (0/2)" />
			<line number="149"  hits="0"  branch="false" />
			<line number="151"  hits="0"  branch="false" />
			<line number="152"  hits="0"  branch="false" />
			<line number="153"  hits="0"  branch="false" />
			<line number="154"  hits="0"  branch="false" />
			<line number="158"  hits="1"  branch="false" />
		</lines>
		</class>
	</classes>
	</package>
	<package name="j"  line-rate="0.17989999999999998"  branch-rate="0.0874" >
	<classes>
		<class name="jquery-1.8.js"  filename="src\j\jquery-1.8.js"  line-rate="0.1796"  branch-rate="0.0876" >
		<methods>
			<method name="(anonymous_1)"  hits="1"  signature="()V" >
				<lines><line number="14"  hits="1" /></lines>
			</method>
			<method name="(anonymous_2)"  hits="4"  signature="()V" >
				<lines><line number="42"  hits="4" /></lines>
			</method>
			<method name="(anonymous_3)"  hits="0"  signature="()V" >
				<lines><line number="75"  hits="0" /></lines>
			</method>
			<method name="(anonymous_4)"  hits="1"  signature="()V" >
				<lines><line number="80"  hits="1" /></lines>
			</method>
			<method name="(anonymous_5)"  hits="4"  signature="()V" >
				<lines><line number="97"  hits="4" /></lines>
			</method>
			<method name="(anonymous_6)"  hits="0"  signature="()V" >
				<lines><line number="195"  hits="0" /></lines>
			</method>
			<method name="(anonymous_7)"  hits="0"  signature="()V" >
				<lines><line number="199"  hits="0" /></lines>
			</method>
			<method name="(anonymous_8)"  hits="0"  signature="()V" >
				<lines><line number="205"  hits="0" /></lines>
			</method>
			<method name="(anonymous_9)"  hits="0"  signature="()V" >
				<lines><line number="217"  hits="0" /></lines>
			</method>
			<method name="(anonymous_10)"  hits="2"  signature="()V" >
				<lines><line number="240"  hits="2" /></lines>
			</method>
			<method name="(anonymous_11)"  hits="2"  signature="()V" >
				<lines><line number="244"  hits="2" /></lines>
			</method>
			<method name="(anonymous_12)"  hits="0"  signature="()V" >
				<lines><line number="251"  hits="0" /></lines>
			</method>
			<method name="(anonymous_13)"  hits="0"  signature="()V" >
				<lines><line number="258"  hits="0" /></lines>
			</method>
			<method name="(anonymous_14)"  hits="0"  signature="()V" >
				<lines><line number="262"  hits="0" /></lines>
			</method>
			<method name="(anonymous_15)"  hits="0"  signature="()V" >
				<lines><line number="266"  hits="0" /></lines>
			</method>
			<method name="(anonymous_16)"  hits="0"  signature="()V" >
				<lines><line number="271"  hits="0" /></lines>
			</method>
			<method name="(anonymous_17)"  hits="0"  signature="()V" >
				<lines><line number="272"  hits="0" /></lines>
			</method>
			<method name="(anonymous_18)"  hits="0"  signature="()V" >
				<lines><line number="277"  hits="0" /></lines>
			</method>
			<method name="(anonymous_19)"  hits="29"  signature="()V" >
				<lines><line number="291"  hits="29" /></lines>
			</method>
			<method name="(anonymous_20)"  hits="0"  signature="()V" >
				<lines><line number="356"  hits="0" /></lines>
			</method>
			<method name="(anonymous_21)"  hits="0"  signature="()V" >
				<lines><line number="376"  hits="0" /></lines>
			</method>
			<method name="(anonymous_22)"  hits="1"  signature="()V" >
				<lines><line number="385"  hits="1" /></lines>
			</method>
			<method name="(anonymous_23)"  hits="32"  signature="()V" >
				<lines><line number="417"  hits="32" /></lines>
			</method>
			<method name="(anonymous_24)"  hits="0"  signature="()V" >
				<lines><line number="421"  hits="0" /></lines>
			</method>
			<method name="(anonymous_25)"  hits="7"  signature="()V" >
				<lines><line number="425"  hits="7" /></lines>
			</method>
			<method name="(anonymous_26)"  hits="0"  signature="()V" >
				<lines><line number="429"  hits="0" /></lines>
			</method>
			<method name="(anonymous_27)"  hits="43"  signature="()V" >
				<lines><line number="433"  hits="43" /></lines>
			</method>
			<method name="(anonymous_28)"  hits="11"  signature="()V" >
				<lines><line number="439"  hits="11" /></lines>
			</method>
			<method name="(anonymous_29)"  hits="0"  signature="()V" >
				<lines><line number="468"  hits="0" /></lines>
			</method>
			<method name="(anonymous_30)"  hits="0"  signature="()V" >
				<lines><line number="476"  hits="0" /></lines>
			</method>
			<method name="(anonymous_31)"  hits="0"  signature="()V" >
				<lines><line number="483"  hits="0" /></lines>
			</method>
			<method name="(anonymous_32)"  hits="0"  signature="()V" >
				<lines><line number="504"  hits="0" /></lines>
			</method>
			<method name="(anonymous_33)"  hits="0"  signature="()V" >
				<lines><line number="530"  hits="0" /></lines>
			</method>
			<method name="(anonymous_34)"  hits="0"  signature="()V" >
				<lines><line number="553"  hits="0" /></lines>
			</method>
			<method name="(anonymous_35)"  hits="0"  signature="()V" >
				<lines><line number="558"  hits="0" /></lines>
			</method>
			<method name="(anonymous_36)"  hits="0"  signature="()V" >
				<lines><line number="563"  hits="0" /></lines>
			</method>
			<method name="(anonymous_37)"  hits="0"  signature="()V" >
				<lines><line number="571"  hits="0" /></lines>
			</method>
			<method name="(anonymous_38)"  hits="0"  signature="()V" >
				<lines><line number="575"  hits="0" /></lines>
			</method>
			<method name="(anonymous_39)"  hits="27"  signature="()V" >
				<lines><line number="580"  hits="27" /></lines>
			</method>
			<method name="(anonymous_40)"  hits="0"  signature="()V" >
				<lines><line number="623"  hits="0" /></lines>
			</method>
			<method name="(anonymous_41)"  hits="0"  signature="()V" >
				<lines><line number="630"  hits="0" /></lines>
			</method>
			<method name="(anonymous_42)"  hits="0"  signature="()V" >
				<lines><line number="637"  hits="0" /></lines>
			</method>
			<method name="(anonymous_43)"  hits="0"  signature="()V" >
				<lines><line number="656"  hits="0" /></lines>
			</method>
			<method name="(anonymous_44)"  hits="0"  signature="()V" >
				<lines><line number="678"  hits="0" /></lines>
			</method>
			<method name="(anonymous_45)"  hits="0"  signature="()V" >
				<lines><line number="699"  hits="0" /></lines>
			</method>
			<method name="(anonymous_46)"  hits="0"  signature="()V" >
				<lines><line number="719"  hits="0" /></lines>
			</method>
			<method name="(anonymous_47)"  hits="0"  signature="()V" >
				<lines><line number="757"  hits="0" /></lines>
			</method>
			<method name="(anonymous_48)"  hits="0"  signature="()V" >
				<lines><line number="774"  hits="0" /></lines>
			</method>
			<method name="(anonymous_49)"  hits="0"  signature="()V" >
				<lines><line number="786"  hits="0" /></lines>
			</method>
			<method name="(anonymous_50)"  hits="0"  signature="()V" >
				<lines><line number="808"  hits="0" /></lines>
			</method>
			<method name="(anonymous_51)"  hits="2"  signature="()V" >
				<lines><line number="837"  hits="2" /></lines>
			</method>
			<method name="(anonymous_52)"  hits="2"  signature="()V" >
				<lines><line number="842"  hits="2" /></lines>
			</method>
			<method name="doScrollCheck"  hits="0"  signature="()V" >
				<lines><line number="878"  hits="0" /></lines>
			</method>
			<method name="(anonymous_54)"  hits="8"  signature="()V" >
				<lines><line number="900"  hits="8" /></lines>
			</method>
			<method name="createOptions"  hits="2"  signature="()V" >
				<lines><line number="910"  hits="2" /></lines>
			</method>
			<method name="(anonymous_56)"  hits="3"  signature="()V" >
				<lines><line number="912"  hits="3" /></lines>
			</method>
			<method name="(anonymous_57)"  hits="3"  signature="()V" >
				<lines><line number="940"  hits="3" /></lines>
			</method>
			<method name="(anonymous_58)"  hits="1"  signature="()V" >
				<lines><line number="965"  hits="1" /></lines>
			</method>
			<method name="(anonymous_59)"  hits="4"  signature="()V" >
				<lines><line number="994"  hits="4" /></lines>
			</method>
			<method name="add"  hits="4"  signature="()V" >
				<lines><line number="998"  hits="4" /></lines>
			</method>
			<method name="(anonymous_61)"  hits="8"  signature="()V" >
				<lines><line number="999"  hits="8" /></lines>
			</method>
			<method name="(anonymous_62)"  hits="0"  signature="()V" >
				<lines><line number="1022"  hits="0" /></lines>
			</method>
			<method name="(anonymous_63)"  hits="0"  signature="()V" >
				<lines><line number="1024"  hits="0" /></lines>
			</method>
			<method name="(anonymous_64)"  hits="0"  signature="()V" >
				<lines><line number="1043"  hits="0" /></lines>
			</method>
			<method name="(anonymous_65)"  hits="0"  signature="()V" >
				<lines><line number="1047"  hits="0" /></lines>
			</method>
			<method name="(anonymous_66)"  hits="2"  signature="()V" >
				<lines><line number="1052"  hits="2" /></lines>
			</method>
			<method name="(anonymous_67)"  hits="0"  signature="()V" >
				<lines><line number="1057"  hits="0" /></lines>
			</method>
			<method name="(anonymous_68)"  hits="1"  signature="()V" >
				<lines><line number="1061"  hits="1" /></lines>
			</method>
			<method name="(anonymous_69)"  hits="0"  signature="()V" >
				<lines><line number="1069"  hits="0" /></lines>
			</method>
			<method name="(anonymous_70)"  hits="1"  signature="()V" >
				<lines><line number="1073"  hits="1" /></lines>
			</method>
			<method name="(anonymous_71)"  hits="0"  signature="()V" >
				<lines><line number="1086"  hits="0" /></lines>
			</method>
			<method name="(anonymous_72)"  hits="0"  signature="()V" >
				<lines><line number="1091"  hits="0" /></lines>
			</method>
			<method name="(anonymous_73)"  hits="1"  signature="()V" >
				<lines><line number="1100"  hits="1" /></lines>
			</method>
			<method name="(anonymous_74)"  hits="0"  signature="()V" >
				<lines><line number="1109"  hits="0" /></lines>
			</method>
			<method name="(anonymous_75)"  hits="0"  signature="()V" >
				<lines><line number="1112"  hits="0" /></lines>
			</method>
			<method name="(anonymous_76)"  hits="0"  signature="()V" >
				<lines><line number="1116"  hits="0" /></lines>
			</method>
			<method name="(anonymous_77)"  hits="0"  signature="()V" >
				<lines><line number="1118"  hits="0" /></lines>
			</method>
			<method name="(anonymous_78)"  hits="0"  signature="()V" >
				<lines><line number="1119"  hits="0" /></lines>
			</method>
			<method name="(anonymous_79)"  hits="0"  signature="()V" >
				<lines><line number="1124"  hits="0" /></lines>
			</method>
			<method name="(anonymous_80)"  hits="3"  signature="()V" >
				<lines><line number="1143"  hits="3" /></lines>
			</method>
			<method name="(anonymous_81)"  hits="3"  signature="()V" >
				<lines><line number="1153"  hits="3" /></lines>
			</method>
			<method name="(anonymous_82)"  hits="1"  signature="()V" >
				<lines><line number="1162"  hits="1" /></lines>
			</method>
			<method name="(anonymous_83)"  hits="0"  signature="()V" >
				<lines><line number="1188"  hits="0" /></lines>
			</method>
			<method name="(anonymous_84)"  hits="0"  signature="()V" >
				<lines><line number="1200"  hits="0" /></lines>
			</method>
			<method name="(anonymous_85)"  hits="0"  signature="()V" >
				<lines><line number="1201"  hits="0" /></lines>
			</method>
			<method name="(anonymous_86)"  hits="1"  signature="()V" >
				<lines><line number="1239"  hits="1" /></lines>
			</method>
			<method name="(anonymous_87)"  hits="0"  signature="()V" >
				<lines><line number="1354"  hits="0" /></lines>
			</method>
			<method name="(anonymous_88)"  hits="1"  signature="()V" >
				<lines><line number="1412"  hits="1" /></lines>
			</method>
			<method name="(anonymous_89)"  hits="1"  signature="()V" >
				<lines><line number="1532"  hits="1" /></lines>
			</method>
			<method name="(anonymous_90)"  hits="2"  signature="()V" >
				<lines><line number="1537"  hits="2" /></lines>
			</method>
			<method name="(anonymous_91)"  hits="0"  signature="()V" >
				<lines><line number="1631"  hits="0" /></lines>
			</method>
			<method name="(anonymous_92)"  hits="2"  signature="()V" >
				<lines><line number="1712"  hits="2" /></lines>
			</method>
			<method name="(anonymous_93)"  hits="3"  signature="()V" >
				<lines><line number="1717"  hits="3" /></lines>
			</method>
			<method name="(anonymous_94)"  hits="0"  signature="()V" >
				<lines><line number="1726"  hits="0" /></lines>
			</method>
			<method name="(anonymous_95)"  hits="0"  signature="()V" >
				<lines><line number="1757"  hits="0" /></lines>
			</method>
			<method name="(anonymous_96)"  hits="0"  signature="()V" >
				<lines><line number="1766"  hits="0" /></lines>
			</method>
			<method name="(anonymous_97)"  hits="0"  signature="()V" >
				<lines><line number="1783"  hits="0" /></lines>
			</method>
			<method name="(anonymous_98)"  hits="0"  signature="()V" >
				<lines><line number="1793"  hits="0" /></lines>
			</method>
			<method name="(anonymous_99)"  hits="0"  signature="()V" >
				<lines><line number="1794"  hits="0" /></lines>
			</method>
			<method name="dataAttr"  hits="0"  signature="()V" >
				<lines><line number="1800"  hits="0" /></lines>
			</method>
			<method name="isEmptyDataObject"  hits="0"  signature="()V" >
				<lines><line number="1832"  hits="0" /></lines>
			</method>
			<method name="(anonymous_102)"  hits="0"  signature="()V" >
				<lines><line number="1848"  hits="0" /></lines>
			</method>
			<method name="(anonymous_103)"  hits="0"  signature="()V" >
				<lines><line number="1867"  hits="0" /></lines>
			</method>
			<method name="(anonymous_104)"  hits="0"  signature="()V" >
				<lines><line number="1873"  hits="0" /></lines>
			</method>
			<method name="(anonymous_105)"  hits="0"  signature="()V" >
				<lines><line number="1900"  hits="0" /></lines>
			</method>
			<method name="(anonymous_106)"  hits="0"  signature="()V" >
				<lines><line number="1903"  hits="0" /></lines>
			</method>
			<method name="(anonymous_107)"  hits="0"  signature="()V" >
				<lines><line number="1912"  hits="0" /></lines>
			</method>
			<method name="(anonymous_108)"  hits="0"  signature="()V" >
				<lines><line number="1927"  hits="0" /></lines>
			</method>
			<method name="(anonymous_109)"  hits="0"  signature="()V" >
				<lines><line number="1938"  hits="0" /></lines>
			</method>
			<method name="(anonymous_110)"  hits="0"  signature="()V" >
				<lines><line number="1939"  hits="0" /></lines>
			</method>
			<method name="(anonymous_111)"  hits="0"  signature="()V" >
				<lines><line number="1945"  hits="0" /></lines>
			</method>
			<method name="(anonymous_112)"  hits="0"  signature="()V" >
				<lines><line number="1949"  hits="0" /></lines>
			</method>
			<method name="(anonymous_113)"  hits="0"  signature="()V" >
				<lines><line number="1951"  hits="0" /></lines>
			</method>
			<method name="(anonymous_114)"  hits="0"  signature="()V" >
				<lines><line number="1956"  hits="0" /></lines>
			</method>
			<method name="(anonymous_115)"  hits="0"  signature="()V" >
				<lines><line number="1961"  hits="0" /></lines>
			</method>
			<method name="(anonymous_116)"  hits="0"  signature="()V" >
				<lines><line number="1967"  hits="0" /></lines>
			</method>
			<method name="(anonymous_117)"  hits="0"  signature="()V" >
				<lines><line number="1999"  hits="0" /></lines>
			</method>
			<method name="(anonymous_118)"  hits="0"  signature="()V" >
				<lines><line number="2003"  hits="0" /></lines>
			</method>
			<method name="(anonymous_119)"  hits="0"  signature="()V" >
				<lines><line number="2004"  hits="0" /></lines>
			</method>
			<method name="(anonymous_120)"  hits="0"  signature="()V" >
				<lines><line number="2009"  hits="0" /></lines>
			</method>
			<method name="(anonymous_121)"  hits="0"  signature="()V" >
				<lines><line number="2013"  hits="0" /></lines>
			</method>
			<method name="(anonymous_122)"  hits="0"  signature="()V" >
				<lines><line number="2015"  hits="0" /></lines>
			</method>
			<method name="(anonymous_123)"  hits="0"  signature="()V" >
				<lines><line number="2024"  hits="0" /></lines>
			</method>
			<method name="(anonymous_124)"  hits="0"  signature="()V" >
				<lines><line number="2029"  hits="0" /></lines>
			</method>
			<method name="(anonymous_125)"  hits="0"  signature="()V" >
				<lines><line number="2061"  hits="0" /></lines>
			</method>
			<method name="(anonymous_126)"  hits="0"  signature="()V" >
				<lines><line number="2065"  hits="0" /></lines>
			</method>
			<method name="(anonymous_127)"  hits="0"  signature="()V" >
				<lines><line number="2093"  hits="0" /></lines>
			</method>
			<method name="(anonymous_128)"  hits="0"  signature="()V" >
				<lines><line number="2098"  hits="0" /></lines>
			</method>
			<method name="(anonymous_129)"  hits="0"  signature="()V" >
				<lines><line number="2103"  hits="0" /></lines>
			</method>
			<method name="(anonymous_130)"  hits="0"  signature="()V" >
				<lines><line number="2130"  hits="0" /></lines>
			</method>
			<method name="(anonymous_131)"  hits="0"  signature="()V" >
				<lines><line number="2143"  hits="0" /></lines>
			</method>
			<method name="(anonymous_132)"  hits="0"  signature="()V" >
				<lines><line number="2169"  hits="0" /></lines>
			</method>
			<method name="(anonymous_133)"  hits="0"  signature="()V" >
				<lines><line number="2189"  hits="0" /></lines>
			</method>
			<method name="(anonymous_134)"  hits="0"  signature="()V" >
				<lines><line number="2207"  hits="0" /></lines>
			</method>
			<method name="(anonymous_135)"  hits="0"  signature="()V" >
				<lines><line number="2215"  hits="0" /></lines>
			</method>
			<method name="(anonymous_136)"  hits="0"  signature="()V" >
				<lines><line number="2258"  hits="0" /></lines>
			</method>
			<method name="(anonymous_137)"  hits="0"  signature="()V" >
				<lines><line number="2261"  hits="0" /></lines>
			</method>
			<method name="(anonymous_138)"  hits="0"  signature="()V" >
				<lines><line number="2276"  hits="0" /></lines>
			</method>
			<method name="(anonymous_139)"  hits="0"  signature="()V" >
				<lines><line number="2331"  hits="0" /></lines>
			</method>
			<method name="(anonymous_140)"  hits="0"  signature="()V" >
				<lines><line number="2364"  hits="0" /></lines>
			</method>
			<method name="(anonymous_141)"  hits="0"  signature="()V" >
				<lines><line number="2384"  hits="0" /></lines>
			</method>
			<method name="(anonymous_142)"  hits="0"  signature="()V" >
				<lines><line number="2392"  hits="0" /></lines>
			</method>
			<method name="(anonymous_143)"  hits="0"  signature="()V" >
				<lines><line number="2417"  hits="0" /></lines>
			</method>
			<method name="(anonymous_144)"  hits="0"  signature="()V" >
				<lines><line number="2454"  hits="0" /></lines>
			</method>
			<method name="(anonymous_145)"  hits="0"  signature="()V" >
				<lines><line number="2471"  hits="0" /></lines>
			</method>
			<method name="(anonymous_146)"  hits="0"  signature="()V" >
				<lines><line number="2480"  hits="0" /></lines>
			</method>
			<method name="(anonymous_147)"  hits="0"  signature="()V" >
				<lines><line number="2512"  hits="0" /></lines>
			</method>
			<method name="(anonymous_148)"  hits="0"  signature="()V" >
				<lines><line number="2519"  hits="0" /></lines>
			</method>
			<method name="(anonymous_149)"  hits="0"  signature="()V" >
				<lines><line number="2532"  hits="0" /></lines>
			</method>
			<method name="(anonymous_150)"  hits="0"  signature="()V" >
				<lines><line number="2534"  hits="0" /></lines>
			</method>
			<method name="(anonymous_151)"  hits="0"  signature="()V" >
				<lines><line number="2547"  hits="0" /></lines>
			</method>
			<method name="(anonymous_152)"  hits="0"  signature="()V" >
				<lines><line number="2559"  hits="0" /></lines>
			</method>
			<method name="(anonymous_153)"  hits="0"  signature="()V" >
				<lines><line number="2561"  hits="0" /></lines>
			</method>
			<method name="(anonymous_154)"  hits="0"  signature="()V" >
				<lines><line number="2571"  hits="0" /></lines>
			</method>
			<method name="(anonymous_155)"  hits="0"  signature="()V" >
				<lines><line number="2576"  hits="0" /></lines>
			</method>
			<method name="(anonymous_156)"  hits="0"  signature="()V" >
				<lines><line number="2586"  hits="0" /></lines>
			</method>
			<method name="(anonymous_157)"  hits="0"  signature="()V" >
				<lines><line number="2609"  hits="0" /></lines>
			</method>
			<method name="(anonymous_158)"  hits="0"  signature="()V" >
				<lines><line number="2611"  hits="0" /></lines>
			</method>
			<method name="(anonymous_159)"  hits="2"  signature="()V" >
				<lines><line number="2618"  hits="2" /></lines>
			</method>
			<method name="(anonymous_160)"  hits="0"  signature="()V" >
				<lines><line number="2620"  hits="0" /></lines>
			</method>
			<method name="(anonymous_161)"  hits="0"  signature="()V" >
				<lines><line number="2633"  hits="0" /></lines>
			</method>
			<method name="(anonymous_162)"  hits="0"  signature="()V" >
				<lines><line number="2643"  hits="0" /></lines>
			</method>
			<method name="(anonymous_163)"  hits="0"  signature="()V" >
				<lines><line number="2673"  hits="0" /></lines>
			</method>
			<method name="(anonymous_164)"  hits="1"  signature="()V" >
				<lines><line number="2757"  hits="1" /></lines>
			</method>
			<method name="(anonymous_165)"  hits="1"  signature="()V" >
				<lines><line number="2836"  hits="1" /></lines>
			</method>
			<method name="(anonymous_166)"  hits="0"  signature="()V" >
				<lines><line number="2985"  hits="0" /></lines>
			</method>
			<method name="(anonymous_167)"  hits="0"  signature="()V" >
				<lines><line number="3090"  hits="0" /></lines>
			</method>
			<method name="(anonymous_168)"  hits="0"  signature="()V" >
				<lines><line number="3103"  hits="0" /></lines>
			</method>
			<method name="(anonymous_169)"  hits="0"  signature="()V" >
				<lines><line number="3133"  hits="0" /></lines>
			</method>
			<method name="(anonymous_170)"  hits="0"  signature="()V" >
				<lines><line number="3186"  hits="0" /></lines>
			</method>
			<method name="(anonymous_171)"  hits="0"  signature="()V" >
				<lines><line number="3193"  hits="0" /></lines>
			</method>
			<method name="(anonymous_172)"  hits="0"  signature="()V" >
				<lines><line number="3201"  hits="0" /></lines>
			</method>
			<method name="(anonymous_173)"  hits="0"  signature="()V" >
				<lines><line number="3229"  hits="0" /></lines>
			</method>
			<method name="(anonymous_174)"  hits="0"  signature="()V" >
				<lines><line number="3234"  hits="0" /></lines>
			</method>
			<method name="(anonymous_175)"  hits="1"  signature="()V" >
				<lines><line number="3249"  hits="1" /></lines>
			</method>
			<method name="returnFalse"  hits="3"  signature="()V" >
				<lines><line number="3282"  hits="3" /></lines>
			</method>
			<method name="returnTrue"  hits="0"  signature="()V" >
				<lines><line number="3285"  hits="0" /></lines>
			</method>
			<method name="(anonymous_178)"  hits="0"  signature="()V" >
				<lines><line number="3292"  hits="0" /></lines>
			</method>
			<method name="(anonymous_179)"  hits="0"  signature="()V" >
				<lines><line number="3309"  hits="0" /></lines>
			</method>
			<method name="(anonymous_180)"  hits="0"  signature="()V" >
				<lines><line number="3323"  hits="0" /></lines>
			</method>
			<method name="(anonymous_181)"  hits="2"  signature="()V" >
				<lines><line number="3336"  hits="2" /></lines>
			</method>
			<method name="(anonymous_182)"  hits="0"  signature="()V" >
				<lines><line number="3341"  hits="0" /></lines>
			</method>
			<method name="(anonymous_183)"  hits="0"  signature="()V" >
				<lines><line number="3364"  hits="0" /></lines>
			</method>
			<method name="(anonymous_184)"  hits="0"  signature="()V" >
				<lines><line number="3371"  hits="0" /></lines>
			</method>
			<method name="(anonymous_185)"  hits="0"  signature="()V" >
				<lines><line number="3376"  hits="0" /></lines>
			</method>
			<method name="(anonymous_186)"  hits="0"  signature="()V" >
				<lines><line number="3386"  hits="0" /></lines>
			</method>
			<method name="(anonymous_187)"  hits="0"  signature="()V" >
				<lines><line number="3396"  hits="0" /></lines>
			</method>
			<method name="(anonymous_188)"  hits="0"  signature="()V" >
				<lines><line number="3413"  hits="0" /></lines>
			</method>
			<method name="(anonymous_189)"  hits="0"  signature="()V" >
				<lines><line number="3420"  hits="0" /></lines>
			</method>
			<method name="(anonymous_190)"  hits="0"  signature="()V" >
				<lines><line number="3425"  hits="0" /></lines>
			</method>
			<method name="(anonymous_191)"  hits="0"  signature="()V" >
				<lines><line number="3436"  hits="0" /></lines>
			</method>
			<method name="(anonymous_192)"  hits="0"  signature="()V" >
				<lines><line number="3440"  hits="0" /></lines>
			</method>
			<method name="(anonymous_193)"  hits="0"  signature="()V" >
				<lines><line number="3450"  hits="0" /></lines>
			</method>
			<method name="(anonymous_194)"  hits="0"  signature="()V" >
				<lines><line number="3459"  hits="0" /></lines>
			</method>
			<method name="(anonymous_195)"  hits="2"  signature="()V" >
				<lines><line number="3469"  hits="2" /></lines>
			</method>
			<method name="(anonymous_196)"  hits="0"  signature="()V" >
				<lines><line number="3473"  hits="0" /></lines>
			</method>
			<method name="(anonymous_197)"  hits="0"  signature="()V" >
				<lines><line number="3478"  hits="0" /></lines>
			</method>
			<method name="(anonymous_198)"  hits="0"  signature="()V" >
				<lines><line number="3483"  hits="0" /></lines>
			</method>
			<method name="(anonymous_199)"  hits="0"  signature="()V" >
				<lines><line number="3494"  hits="0" /></lines>
			</method>
			<method name="(anonymous_200)"  hits="0"  signature="()V" >
				<lines><line number="3535"  hits="0" /></lines>
			</method>
			<method name="(anonymous_201)"  hits="0"  signature="()V" >
				<lines><line number="3543"  hits="0" /></lines>
			</method>
			<method name="(anonymous_202)"  hits="0"  signature="()V" >
				<lines><line number="3547"  hits="0" /></lines>
			</method>
			<method name="(anonymous_203)"  hits="1"  signature="()V" >
				<lines><line number="3550"  hits="1" /></lines>
			</method>
			<method name="(anonymous_204)"  hits="1"  signature="()V" >
				<lines><line number="3577"  hits="1" /></lines>
			</method>
			<method name="(anonymous_205)"  hits="0"  signature="()V" >
				<lines><line number="3582"  hits="0" /></lines>
			</method>
			<method name="(anonymous_206)"  hits="0"  signature="()V" >
				<lines><line number="3585"  hits="0" /></lines>
			</method>
			<method name="(anonymous_207)"  hits="0"  signature="()V" >
				<lines><line number="3589"  hits="0" /></lines>
			</method>
			<method name="(anonymous_208)"  hits="0"  signature="()V" >
				<lines><line number="3593"  hits="0" /></lines>
			</method>
			<method name="(anonymous_209)"  hits="0"  signature="()V" >
				<lines><line number="3598"  hits="0" /></lines>
			</method>
			<method name="(anonymous_210)"  hits="0"  signature="()V" >
				<lines><line number="3601"  hits="0" /></lines>
			</method>
			<method name="(anonymous_211)"  hits="1"  signature="()V" >
				<lines><line number="3606"  hits="1" /></lines>
			</method>
			<method name="(anonymous_212)"  hits="1"  signature="()V" >
				<lines><line number="3607"  hits="1" /></lines>
			</method>
			<method name="(anonymous_213)"  hits="0"  signature="()V" >
				<lines><line number="3611"  hits="0" /></lines>
			</method>
			<method name="(anonymous_214)"  hits="0"  signature="()V" >
				<lines><line number="3617"  hits="0" /></lines>
			</method>
			<method name="(anonymous_215)"  hits="0"  signature="()V" >
				<lines><line number="3622"  hits="0" /></lines>
			</method>
			<method name="(anonymous_216)"  hits="0"  signature="()V" >
				<lines><line number="3643"  hits="0" /></lines>
			</method>
			<method name="(anonymous_217)"  hits="25"  signature="()V" >
				<lines><line number="3650"  hits="25" /></lines>
			</method>
			<method name="(anonymous_218)"  hits="0"  signature="()V" >
				<lines><line number="3653"  hits="0" /></lines>
			</method>
			<method name="(anonymous_219)"  hits="1"  signature="()V" >
				<lines><line number="3678"  hits="1" /></lines>
			</method>
			<method name="(anonymous_220)"  hits="3"  signature="()V" >
				<lines><line number="3766"  hits="3" /></lines>
			</method>
			<method name="(anonymous_221)"  hits="5"  signature="()V" >
				<lines><line number="3773"  hits="5" /></lines>
			</method>
			<method name="(anonymous_222)"  hits="0"  signature="()V" >
				<lines><line number="3774"  hits="0" /></lines>
			</method>
			<method name="(anonymous_223)"  hits="2"  signature="()V" >
				<lines><line number="3781"  hits="2" /></lines>
			</method>
			<method name="(anonymous_224)"  hits="0"  signature="()V" >
				<lines><line number="3782"  hits="0" /></lines>
			</method>
			<method name="(anonymous_225)"  hits="8"  signature="()V" >
				<lines><line number="3789"  hits="8" /></lines>
			</method>
			<method name="(anonymous_226)"  hits="1"  signature="()V" >
				<lines><line number="3801"  hits="1" /></lines>
			</method>
			<method name="(anonymous_227)"  hits="1"  signature="()V" >
				<lines><line number="3810"  hits="1" /></lines>
			</method>
			<method name="(anonymous_228)"  hits="1"  signature="()V" >
				<lines><line number="3832"  hits="1" /></lines>
			</method>
			<method name="(anonymous_229)"  hits="1"  signature="()V" >
				<lines><line number="3838"  hits="1" /></lines>
			</method>
			<method name="(anonymous_230)"  hits="1"  signature="()V" >
				<lines><line number="3845"  hits="1" /></lines>
			</method>
			<method name="(anonymous_231)"  hits="0"  signature="()V" >
				<lines><line number="3857"  hits="0" /></lines>
			</method>
			<method name="(anonymous_232)"  hits="0"  signature="()V" >
				<lines><line number="3932"  hits="0" /></lines>
			</method>
			<method name="(anonymous_233)"  hits="0"  signature="()V" >
				<lines><line number="3940"  hits="0" /></lines>
			</method>
			<method name="(anonymous_234)"  hits="0"  signature="()V" >
				<lines><line number="3953"  hits="0" /></lines>
			</method>
			<method name="(anonymous_235)"  hits="0"  signature="()V" >
				<lines><line number="3958"  hits="0" /></lines>
			</method>
			<method name="(anonymous_236)"  hits="0"  signature="()V" >
				<lines><line number="3987"  hits="0" /></lines>
			</method>
			<method name="(anonymous_237)"  hits="0"  signature="()V" >
				<lines><line number="4000"  hits="0" /></lines>
			</method>
			<method name="(anonymous_238)"  hits="0"  signature="()V" >
				<lines><line number="4031"  hits="0" /></lines>
			</method>
			<method name="(anonymous_239)"  hits="0"  signature="()V" >
				<lines><line number="4055"  hits="0" /></lines>
			</method>
			<method name="(anonymous_240)"  hits="0"  signature="()V" >
				<lines><line number="4057"  hits="0" /></lines>
			</method>
			<method name="(anonymous_241)"  hits="0"  signature="()V" >
				<lines><line number="4061"  hits="0" /></lines>
			</method>
			<method name="(anonymous_242)"  hits="0"  signature="()V" >
				<lines><line number="4063"  hits="0" /></lines>
			</method>
			<method name="(anonymous_243)"  hits="0"  signature="()V" >
				<lines><line number="4069"  hits="0" /></lines>
			</method>
			<method name="(anonymous_244)"  hits="0"  signature="()V" >
				<lines><line number="4071"  hits="0" /></lines>
			</method>
			<method name="(anonymous_245)"  hits="0"  signature="()V" >
				<lines><line number="4075"  hits="0" /></lines>
			</method>
			<method name="(anonymous_246)"  hits="0"  signature="()V" >
				<lines><line number="4080"  hits="0" /></lines>
			</method>
			<method name="(anonymous_247)"  hits="0"  signature="()V" >
				<lines><line number="4090"  hits="0" /></lines>
			</method>
			<method name="(anonymous_248)"  hits="0"  signature="()V" >
				<lines><line number="4095"  hits="0" /></lines>
			</method>
			<method name="(anonymous_249)"  hits="0"  signature="()V" >
				<lines><line number="4097"  hits="0" /></lines>
			</method>
			<method name="(anonymous_250)"  hits="0"  signature="()V" >
				<lines><line number="4102"  hits="0" /></lines>
			</method>
			<method name="(anonymous_251)"  hits="0"  signature="()V" >
				<lines><line number="4129"  hits="0" /></lines>
			</method>
			<method name="(anonymous_252)"  hits="0"  signature="()V" >
				<lines><line number="4134"  hits="0" /></lines>
			</method>
			<method name="(anonymous_253)"  hits="0"  signature="()V" >
				<lines><line number="4169"  hits="0" /></lines>
			</method>
			<method name="(anonymous_254)"  hits="0"  signature="()V" >
				<lines><line number="4200"  hits="0" /></lines>
			</method>
			<method name="(anonymous_255)"  hits="0"  signature="()V" >
				<lines><line number="4222"  hits="0" /></lines>
			</method>
			<method name="(anonymous_256)"  hits="0"  signature="()V" >
				<lines><line number="4227"  hits="0" /></lines>
			</method>
			<method name="(anonymous_257)"  hits="0"  signature="()V" >
				<lines><line number="4232"  hits="0" /></lines>
			</method>
			<method name="(anonymous_258)"  hits="0"  signature="()V" >
				<lines><line number="4236"  hits="0" /></lines>
			</method>
			<method name="(anonymous_259)"  hits="0"  signature="()V" >
				<lines><line number="4240"  hits="0" /></lines>
			</method>
			<method name="(anonymous_260)"  hits="0"  signature="()V" >
				<lines><line number="4247"  hits="0" /></lines>
			</method>
			<method name="(anonymous_261)"  hits="0"  signature="()V" >
				<lines><line number="4257"  hits="0" /></lines>
			</method>
			<method name="(anonymous_262)"  hits="0"  signature="()V" >
				<lines><line number="4261"  hits="0" /></lines>
			</method>
			<method name="(anonymous_263)"  hits="0"  signature="()V" >
				<lines><line number="4278"  hits="0" /></lines>
			</method>
			<method name="(anonymous_264)"  hits="0"  signature="()V" >
				<lines><line number="4279"  hits="0" /></lines>
			</method>
			<method name="(anonymous_265)"  hits="0"  signature="()V" >
				<lines><line number="4284"  hits="0" /></lines>
			</method>
			<method name="(anonymous_266)"  hits="0"  signature="()V" >
				<lines><line number="4285"  hits="0" /></lines>
			</method>
			<method name="(anonymous_267)"  hits="0"  signature="()V" >
				<lines><line number="4290"  hits="0" /></lines>
			</method>
			<method name="(anonymous_268)"  hits="0"  signature="()V" >
				<lines><line number="4294"  hits="0" /></lines>
			</method>
			<method name="(anonymous_269)"  hits="0"  signature="()V" >
				<lines><line number="4313"  hits="0" /></lines>
			</method>
			<method name="(anonymous_270)"  hits="0"  signature="()V" >
				<lines><line number="4318"  hits="0" /></lines>
			</method>
			<method name="(anonymous_271)"  hits="0"  signature="()V" >
				<lines><line number="4322"  hits="0" /></lines>
			</method>
			<method name="(anonymous_272)"  hits="0"  signature="()V" >
				<lines><line number="4327"  hits="0" /></lines>
			</method>
			<method name="(anonymous_273)"  hits="0"  signature="()V" >
				<lines><line number="4333"  hits="0" /></lines>
			</method>
			<method name="(anonymous_274)"  hits="0"  signature="()V" >
				<lines><line number="4337"  hits="0" /></lines>
			</method>
			<method name="(anonymous_275)"  hits="0"  signature="()V" >
				<lines><line number="4342"  hits="0" /></lines>
			</method>
			<method name="(anonymous_276)"  hits="0"  signature="()V" >
				<lines><line number="4352"  hits="0" /></lines>
			</method>
			<method name="(anonymous_277)"  hits="0"  signature="()V" >
				<lines><line number="4362"  hits="0" /></lines>
			</method>
			<method name="(anonymous_278)"  hits="0"  signature="()V" >
				<lines><line number="4366"  hits="0" /></lines>
			</method>
			<method name="(anonymous_279)"  hits="0"  signature="()V" >
				<lines><line number="4370"  hits="0" /></lines>
			</method>
			<method name="(anonymous_280)"  hits="0"  signature="()V" >
				<lines><line number="4386"  hits="0" /></lines>
			</method>
			<method name="(anonymous_281)"  hits="0"  signature="()V" >
				<lines><line number="4389"  hits="0" /></lines>
			</method>
			<method name="(anonymous_282)"  hits="0"  signature="()V" >
				<lines><line number="4398"  hits="0" /></lines>
			</method>
			<method name="(anonymous_283)"  hits="0"  signature="()V" >
				<lines><line number="4408"  hits="0" /></lines>
			</method>
			<method name="(anonymous_284)"  hits="0"  signature="()V" >
				<lines><line number="4419"  hits="0" /></lines>
			</method>
			<method name="(anonymous_285)"  hits="0"  signature="()V" >
				<lines><line number="4428"  hits="0" /></lines>
			</method>
			<method name="(anonymous_286)"  hits="0"  signature="()V" >
				<lines><line number="4437"  hits="0" /></lines>
			</method>
			<method name="(anonymous_287)"  hits="0"  signature="()V" >
				<lines><line number="4441"  hits="0" /></lines>
			</method>
			<method name="(anonymous_288)"  hits="0"  signature="()V" >
				<lines><line number="4446"  hits="0" /></lines>
			</method>
			<method name="(anonymous_289)"  hits="0"  signature="()V" >
				<lines><line number="4459"  hits="0" /></lines>
			</method>
			<method name="(anonymous_290)"  hits="0"  signature="()V" >
				<lines><line number="4492"  hits="0" /></lines>
			</method>
			<method name="(anonymous_291)"  hits="0"  signature="()V" >
				<lines><line number="4513"  hits="0" /></lines>
			</method>
			<method name="(anonymous_292)"  hits="1"  signature="()V" >
				<lines><line number="4521"  hits="1" /></lines>
			</method>
			<method name="(anonymous_293)"  hits="0"  signature="()V" >
				<lines><line number="4527"  hits="0" /></lines>
			</method>
			<method name="(anonymous_294)"  hits="0"  signature="()V" >
				<lines><line number="4540"  hits="0" /></lines>
			</method>
			<method name="(anonymous_295)"  hits="0"  signature="()V" >
				<lines><line number="4600"  hits="0" /></lines>
			</method>
			<method name="(anonymous_296)"  hits="0"  signature="()V" >
				<lines><line number="4620"  hits="0" /></lines>
			</method>
			<method name="multipleContexts"  hits="0"  signature="()V" >
				<lines><line number="4640"  hits="0" /></lines>
			</method>
			<method name="handlePOSGroup"  hits="0"  signature="()V" >
				<lines><line number="4648"  hits="0" /></lines>
			</method>
			<method name="handlePOS"  hits="0"  signature="()V" >
				<lines><line number="4663"  hits="0" /></lines>
			</method>
			<method name="(anonymous_300)"  hits="0"  signature="()V" >
				<lines><line number="4672"  hits="0" /></lines>
			</method>
			<method name="tokenize"  hits="0"  signature="()V" >
				<lines><line number="4735"  hits="0" /></lines>
			</method>
			<method name="addCombinator"  hits="0"  signature="()V" >
				<lines><line number="4793"  hits="0" /></lines>
			</method>
			<method name="(anonymous_303)"  hits="0"  signature="()V" >
				<lines><line number="4799"  hits="0" /></lines>
			</method>
			<method name="(anonymous_304)"  hits="0"  signature="()V" >
				<lines><line number="4804"  hits="0" /></lines>
			</method>
			<method name="(anonymous_305)"  hits="0"  signature="()V" >
				<lines><line number="4811"  hits="0" /></lines>
			</method>
			<method name="addMatcher"  hits="0"  signature="()V" >
				<lines><line number="4836"  hits="0" /></lines>
			</method>
			<method name="(anonymous_307)"  hits="0"  signature="()V" >
				<lines><line number="4838"  hits="0" /></lines>
			</method>
			<method name="matcherFromTokens"  hits="0"  signature="()V" >
				<lines><line number="4846"  hits="0" /></lines>
			</method>
			<method name="matcherFromGroupMatchers"  hits="0"  signature="()V" >
				<lines><line number="4862"  hits="0" /></lines>
			</method>
			<method name="(anonymous_310)"  hits="0"  signature="()V" >
				<lines><line number="4863"  hits="0" /></lines>
			</method>
			<method name="(anonymous_311)"  hits="0"  signature="()V" >
				<lines><line number="4875"  hits="0" /></lines>
			</method>
			<method name="(anonymous_312)"  hits="0"  signature="()V" >
				<lines><line number="4902"  hits="0" /></lines>
			</method>
			<method name="(anonymous_313)"  hits="0"  signature="()V" >
				<lines><line number="4906"  hits="0" /></lines>
			</method>
			<method name="(anonymous_314)"  hits="0"  signature="()V" >
				<lines><line number="4910"  hits="0" /></lines>
			</method>
			<method name="(anonymous_315)"  hits="1"  signature="()V" >
				<lines><line number="4993"  hits="1" /></lines>
			</method>
			<method name="(anonymous_316)"  hits="1"  signature="()V" >
				<lines><line number="5011"  hits="1" /></lines>
			</method>
			<method name="(anonymous_317)"  hits="1"  signature="()V" >
				<lines><line number="5027"  hits="1" /></lines>
			</method>
			<method name="(anonymous_318)"  hits="0"  signature="()V" >
				<lines><line number="5046"  hits="0" /></lines>
			</method>
			<method name="(anonymous_319)"  hits="1"  signature="()V" >
				<lines><line number="5089"  hits="1" /></lines>
			</method>
			<method name="(anonymous_320)"  hits="0"  signature="()V" >
				<lines><line number="5105"  hits="0" /></lines>
			</method>
			<method name="(anonymous_321)"  hits="0"  signature="()V" >
				<lines><line number="5155"  hits="0" /></lines>
			</method>
			<method name="(anonymous_322)"  hits="0"  signature="()V" >
				<lines><line number="5160"  hits="0" /></lines>
			</method>
			<method name="(anonymous_323)"  hits="0"  signature="()V" >
				<lines><line number="5191"  hits="0" /></lines>
			</method>
			<method name="(anonymous_324)"  hits="0"  signature="()V" >
				<lines><line number="5196"  hits="0" /></lines>
			</method>
			<method name="(anonymous_325)"  hits="0"  signature="()V" >
				<lines><line number="5205"  hits="0" /></lines>
			</method>
			<method name="(anonymous_326)"  hits="0"  signature="()V" >
				<lines><line number="5209"  hits="0" /></lines>
			</method>
			<method name="(anonymous_327)"  hits="0"  signature="()V" >
				<lines><line number="5213"  hits="0" /></lines>
			</method>
			<method name="(anonymous_328)"  hits="0"  signature="()V" >
				<lines><line number="5224"  hits="0" /></lines>
			</method>
			<method name="(anonymous_329)"  hits="0"  signature="()V" >
				<lines><line number="5252"  hits="0" /></lines>
			</method>
			<method name="(anonymous_330)"  hits="0"  signature="()V" >
				<lines><line number="5270"  hits="0" /></lines>
			</method>
			<method name="(anonymous_331)"  hits="0"  signature="()V" >
				<lines><line number="5281"  hits="0" /></lines>
			</method>
			<method name="isDisconnected"  hits="0"  signature="()V" >
				<lines><line number="5292"  hits="0" /></lines>
			</method>
			<method name="sibling"  hits="0"  signature="()V" >
				<lines><line number="5296"  hits="0" /></lines>
			</method>
			<method name="(anonymous_334)"  hits="0"  signature="()V" >
				<lines><line number="5305"  hits="0" /></lines>
			</method>
			<method name="(anonymous_335)"  hits="0"  signature="()V" >
				<lines><line number="5309"  hits="0" /></lines>
			</method>
			<method name="(anonymous_336)"  hits="0"  signature="()V" >
				<lines><line number="5312"  hits="0" /></lines>
			</method>
			<method name="(anonymous_337)"  hits="0"  signature="()V" >
				<lines><line number="5315"  hits="0" /></lines>
			</method>
			<method name="(anonymous_338)"  hits="0"  signature="()V" >
				<lines><line number="5318"  hits="0" /></lines>
			</method>
			<method name="(anonymous_339)"  hits="0"  signature="()V" >
				<lines><line number="5321"  hits="0" /></lines>
			</method>
			<method name="(anonymous_340)"  hits="0"  signature="()V" >
				<lines><line number="5324"  hits="0" /></lines>
			</method>
			<method name="(anonymous_341)"  hits="0"  signature="()V" >
				<lines><line number="5327"  hits="0" /></lines>
			</method>
			<method name="(anonymous_342)"  hits="0"  signature="()V" >
				<lines><line number="5330"  hits="0" /></lines>
			</method>
			<method name="(anonymous_343)"  hits="0"  signature="()V" >
				<lines><line number="5333"  hits="0" /></lines>
			</method>
			<method name="(anonymous_344)"  hits="0"  signature="()V" >
				<lines><line number="5336"  hits="0" /></lines>
			</method>
			<method name="(anonymous_345)"  hits="0"  signature="()V" >
				<lines><line number="5339"  hits="0" /></lines>
			</method>
			<method name="(anonymous_346)"  hits="12"  signature="()V" >
				<lines><line number="5344"  hits="12" /></lines>
			</method>
			<method name="(anonymous_347)"  hits="0"  signature="()V" >
				<lines><line number="5345"  hits="0" /></lines>
			</method>
			<method name="(anonymous_348)"  hits="0"  signature="()V" >
				<lines><line number="5367"  hits="0" /></lines>
			</method>
			<method name="(anonymous_349)"  hits="0"  signature="()V" >
				<lines><line number="5377"  hits="0" /></lines>
			</method>
			<method name="(anonymous_350)"  hits="0"  signature="()V" >
				<lines><line number="5390"  hits="0" /></lines>
			</method>
			<method name="winnow"  hits="0"  signature="()V" >
				<lines><line number="5404"  hits="0" /></lines>
			</method>
			<method name="(anonymous_352)"  hits="0"  signature="()V" >
				<lines><line number="5411"  hits="0" /></lines>
			</method>
			<method name="(anonymous_353)"  hits="0"  signature="()V" >
				<lines><line number="5417"  hits="0" /></lines>
			</method>
			<method name="(anonymous_354)"  hits="0"  signature="()V" >
				<lines><line number="5422"  hits="0" /></lines>
			</method>
			<method name="(anonymous_355)"  hits="0"  signature="()V" >
				<lines><line number="5433"  hits="0" /></lines>
			</method>
			<method name="createSafeFragment"  hits="1"  signature="()V" >
				<lines><line number="5437"  hits="1" /></lines>
			</method>
			<method name="(anonymous_357)"  hits="0"  signature="()V" >
				<lines><line number="5491"  hits="0" /></lines>
			</method>
			<method name="(anonymous_358)"  hits="0"  signature="()V" >
				<lines><line number="5492"  hits="0" /></lines>
			</method>
			<method name="(anonymous_359)"  hits="0"  signature="()V" >
				<lines><line number="5499"  hits="0" /></lines>
			</method>
			<method name="(anonymous_360)"  hits="0"  signature="()V" >
				<lines><line number="5501"  hits="0" /></lines>
			</method>
			<method name="(anonymous_361)"  hits="0"  signature="()V" >
				<lines><line number="5514"  hits="0" /></lines>
			</method>
			<method name="(anonymous_362)"  hits="0"  signature="()V" >
				<lines><line number="5528"  hits="0" /></lines>
			</method>
			<method name="(anonymous_363)"  hits="0"  signature="()V" >
				<lines><line number="5530"  hits="0" /></lines>
			</method>
			<method name="(anonymous_364)"  hits="0"  signature="()V" >
				<lines><line number="5535"  hits="0" /></lines>
			</method>
			<method name="(anonymous_365)"  hits="0"  signature="()V" >
				<lines><line number="5548"  hits="0" /></lines>
			</method>
			<method name="(anonymous_366)"  hits="0"  signature="()V" >
				<lines><line number="5551"  hits="0" /></lines>
			</method>
			<method name="(anonymous_367)"  hits="0"  signature="()V" >
				<lines><line number="5556"  hits="0" /></lines>
			</method>
			<method name="(anonymous_368)"  hits="0"  signature="()V" >
				<lines><line number="5557"  hits="0" /></lines>
			</method>
			<method name="(anonymous_369)"  hits="0"  signature="()V" >
				<lines><line number="5564"  hits="0" /></lines>
			</method>
			<method name="(anonymous_370)"  hits="0"  signature="()V" >
				<lines><line number="5565"  hits="0" /></lines>
			</method>
			<method name="(anonymous_371)"  hits="0"  signature="()V" >
				<lines><line number="5572"  hits="0" /></lines>
			</method>
			<method name="(anonymous_372)"  hits="0"  signature="()V" >
				<lines><line number="5573"  hits="0" /></lines>
			</method>
			<method name="(anonymous_373)"  hits="0"  signature="()V" >
				<lines><line number="5580"  hits="0" /></lines>
			</method>
			<method name="(anonymous_374)"  hits="0"  signature="()V" >
				<lines><line number="5582"  hits="0" /></lines>
			</method>
			<method name="(anonymous_375)"  hits="0"  signature="()V" >
				<lines><line number="5593"  hits="0" /></lines>
			</method>
			<method name="(anonymous_376)"  hits="0"  signature="()V" >
				<lines><line number="5595"  hits="0" /></lines>
			</method>
			<method name="(anonymous_377)"  hits="0"  signature="()V" >
				<lines><line number="5607"  hits="0" /></lines>
			</method>
			<method name="(anonymous_378)"  hits="0"  signature="()V" >
				<lines><line number="5627"  hits="0" /></lines>
			</method>
			<method name="(anonymous_379)"  hits="0"  signature="()V" >
				<lines><line number="5646"  hits="0" /></lines>
			</method>
			<method name="(anonymous_380)"  hits="0"  signature="()V" >
				<lines><line number="5650"  hits="0" /></lines>
			</method>
			<method name="(anonymous_381)"  hits="0"  signature="()V" >
				<lines><line number="5655"  hits="0" /></lines>
			</method>
			<method name="(anonymous_382)"  hits="0"  signature="()V" >
				<lines><line number="5656"  hits="0" /></lines>
			</method>
			<method name="(anonymous_383)"  hits="0"  signature="()V" >
				<lines><line number="5697"  hits="0" /></lines>
			</method>
			<method name="(anonymous_384)"  hits="0"  signature="()V" >
				<lines><line number="5702"  hits="0" /></lines>
			</method>
			<method name="(anonymous_385)"  hits="0"  signature="()V" >
				<lines><line number="5712"  hits="0" /></lines>
			</method>
			<method name="(anonymous_386)"  hits="0"  signature="()V" >
				<lines><line number="5731"  hits="0" /></lines>
			</method>
			<method name="(anonymous_387)"  hits="0"  signature="()V" >
				<lines><line number="5735"  hits="0" /></lines>
			</method>
			<method name="(anonymous_388)"  hits="0"  signature="()V" >
				<lines><line number="5748"  hits="0" /></lines>
			</method>
			<method name="(anonymous_389)"  hits="0"  signature="()V" >
				<lines><line number="5754"  hits="0" /></lines>
			</method>
			<method name="(anonymous_390)"  hits="0"  signature="()V" >
				<lines><line number="5792"  hits="0" /></lines>
			</method>
			<method name="findOrAppend"  hits="0"  signature="()V" >
				<lines><line number="5821"  hits="0" /></lines>
			</method>
			<method name="cloneCopyEvent"  hits="0"  signature="()V" >
				<lines><line number="5825"  hits="0" /></lines>
			</method>
			<method name="cloneFixAttributes"  hits="0"  signature="()V" >
				<lines><line number="5853"  hits="0" /></lines>
			</method>
			<method name="(anonymous_394)"  hits="0"  signature="()V" >
				<lines><line number="5923"  hits="0" /></lines>
			</method>
			<method name="(anonymous_395)"  hits="5"  signature="()V" >
				<lines><line number="5976"  hits="5" /></lines>
			</method>
			<method name="(anonymous_396)"  hits="0"  signature="()V" >
				<lines><line number="5977"  hits="0" /></lines>
			</method>
			<method name="getAll"  hits="0"  signature="()V" >
				<lines><line number="6000"  hits="0" /></lines>
			</method>
			<method name="fixDefaultChecked"  hits="0"  signature="()V" >
				<lines><line number="6013"  hits="0" /></lines>
			</method>
			<method name="(anonymous_399)"  hits="0"  signature="()V" >
				<lines><line number="6020"  hits="0" /></lines>
			</method>
			<method name="(anonymous_400)"  hits="0"  signature="()V" >
				<lines><line number="6080"  hits="0" /></lines>
			</method>
			<method name="(anonymous_401)"  hits="0"  signature="()V" >
				<lines><line number="6183"  hits="0" /></lines>
			</method>
			<method name="(anonymous_402)"  hits="0"  signature="()V" >
				<lines><line number="6214"  hits="0" /></lines>
			</method>
			<method name="(anonymous_403)"  hits="1"  signature="()V" >
				<lines><line number="6268"  hits="1" /></lines>
			</method>
			<method name="(anonymous_404)"  hits="1"  signature="()V" >
				<lines><line number="6275"  hits="1" /></lines>
			</method>
			<method name="(anonymous_405)"  hits="0"  signature="()V" >
				<lines><line number="6307"  hits="0" /></lines>
			</method>
			<method name="jQuerySub"  hits="0"  signature="()V" >
				<lines><line number="6308"  hits="0" /></lines>
			</method>
			<method name="init"  hits="0"  signature="()V" >
				<lines><line number="6316"  hits="0" /></lines>
			</method>
			<method name="vendorPropName"  hits="0"  signature="()V" >
				<lines><line number="6352"  hits="0" /></lines>
			</method>
			<method name="isHidden"  hits="0"  signature="()V" >
				<lines><line number="6374"  hits="0" /></lines>
			</method>
			<method name="showHide"  hits="0"  signature="()V" >
				<lines><line number="6379"  hits="0" /></lines>
			</method>
			<method name="(anonymous_411)"  hits="0"  signature="()V" >
				<lines><line number="6429"  hits="0" /></lines>
			</method>
			<method name="(anonymous_412)"  hits="0"  signature="()V" >
				<lines><line number="6430"  hits="0" /></lines>
			</method>
			<method name="(anonymous_413)"  hits="0"  signature="()V" >
				<lines><line number="6436"  hits="0" /></lines>
			</method>
			<method name="(anonymous_414)"  hits="0"  signature="()V" >
				<lines><line number="6439"  hits="0" /></lines>
			</method>
			<method name="(anonymous_415)"  hits="0"  signature="()V" >
				<lines><line number="6442"  hits="0" /></lines>
			</method>
			<method name="(anonymous_416)"  hits="0"  signature="()V" >
				<lines><line number="6449"  hits="0" /></lines>
			</method>
			<method name="(anonymous_417)"  hits="0"  signature="()V" >
				<lines><line number="6464"  hits="0" /></lines>
			</method>
			<method name="(anonymous_418)"  hits="0"  signature="()V" >
				<lines><line number="6495"  hits="0" /></lines>
			</method>
			<method name="(anonymous_419)"  hits="0"  signature="()V" >
				<lines><line number="6553"  hits="0" /></lines>
			</method>
			<method name="(anonymous_420)"  hits="0"  signature="()V" >
				<lines><line number="6588"  hits="0" /></lines>
			</method>
			<method name="(anonymous_421)"  hits="0"  signature="()V" >
				<lines><line number="6612"  hits="0" /></lines>
			</method>
			<method name="(anonymous_422)"  hits="0"  signature="()V" >
				<lines><line number="6645"  hits="0" /></lines>
			</method>
			<method name="setPositiveNumber"  hits="0"  signature="()V" >
				<lines><line number="6687"  hits="0" /></lines>
			</method>
			<method name="augmentWidthOrHeight"  hits="0"  signature="()V" >
				<lines><line number="6694"  hits="0" /></lines>
			</method>
			<method name="getWidthOrHeight"  hits="0"  signature="()V" >
				<lines><line number="6736"  hits="0" /></lines>
			</method>
			<method name="css_defaultDisplay"  hits="0"  signature="()V" >
				<lines><line number="6776"  hits="0" /></lines>
			</method>
			<method name="(anonymous_427)"  hits="2"  signature="()V" >
				<lines><line number="6818"  hits="2" /></lines>
			</method>
			<method name="(anonymous_428)"  hits="0"  signature="()V" >
				<lines><line number="6820"  hits="0" /></lines>
			</method>
			<method name="(anonymous_429)"  hits="0"  signature="()V" >
				<lines><line number="6825"  hits="0" /></lines>
			</method>
			<method name="(anonymous_430)"  hits="0"  signature="()V" >
				<lines><line number="6832"  hits="0" /></lines>
			</method>
			<method name="(anonymous_431)"  hits="0"  signature="()V" >
				<lines><line number="6847"  hits="0" /></lines>
			</method>
			<method name="(anonymous_432)"  hits="0"  signature="()V" >
				<lines><line number="6854"  hits="0" /></lines>
			</method>
			<method name="(anonymous_433)"  hits="1"  signature="()V" >
				<lines><line number="6889"  hits="1" /></lines>
			</method>
			<method name="(anonymous_434)"  hits="0"  signature="()V" >
				<lines><line number="6892"  hits="0" /></lines>
			</method>
			<method name="(anonymous_435)"  hits="0"  signature="()V" >
				<lines><line number="6895"  hits="0" /></lines>
			</method>
			<method name="(anonymous_436)"  hits="2"  signature="()V" >
				<lines><line number="6908"  hits="2" /></lines>
			</method>
			<method name="(anonymous_437)"  hits="0"  signature="()V" >
				<lines><line number="6910"  hits="0" /></lines>
			</method>
			<method name="(anonymous_438)"  hits="0"  signature="()V" >
				<lines><line number="6924"  hits="0" /></lines>
			</method>
			<method name="(anonymous_439)"  hits="0"  signature="()V" >
				<lines><line number="6928"  hits="0" /></lines>
			</method>
			<method name="(anonymous_440)"  hits="3"  signature="()V" >
				<lines><line number="6938"  hits="3" /></lines>
			</method>
			<method name="(anonymous_441)"  hits="0"  signature="()V" >
				<lines><line number="6940"  hits="0" /></lines>
			</method>
			<method name="(anonymous_442)"  hits="0"  signature="()V" >
				<lines><line number="6967"  hits="0" /></lines>
			</method>
			<method name="(anonymous_443)"  hits="0"  signature="()V" >
				<lines><line number="6970"  hits="0" /></lines>
			</method>
			<method name="(anonymous_444)"  hits="0"  signature="()V" >
				<lines><line number="6971"  hits="0" /></lines>
			</method>
			<method name="(anonymous_445)"  hits="0"  signature="()V" >
				<lines><line number="6974"  hits="0" /></lines>
			</method>
			<method name="(anonymous_446)"  hits="0"  signature="()V" >
				<lines><line number="6979"  hits="0" /></lines>
			</method>
			<method name="(anonymous_447)"  hits="0"  signature="()V" >
				<lines><line number="6985"  hits="0" /></lines>
			</method>
			<method name="(anonymous_448)"  hits="0"  signature="()V" >
				<lines><line number="6995"  hits="0" /></lines>
			</method>
			<method name="(anonymous_449)"  hits="0"  signature="()V" >
				<lines><line number="6998"  hits="0" /></lines>
			</method>
			<method name="(anonymous_450)"  hits="0"  signature="()V" >
				<lines><line number="7012"  hits="0" /></lines>
			</method>
			<method name="buildParams"  hits="0"  signature="()V" >
				<lines><line number="7028"  hits="0" /></lines>
			</method>
			<method name="(anonymous_452)"  hits="0"  signature="()V" >
				<lines><line number="7033"  hits="0" /></lines>
			</method>
			<method name="addToPrefiltersOrTransports"  hits="2"  signature="()V" >
				<lines><line number="7117"  hits="2" /></lines>
			</method>
			<method name="(anonymous_454)"  hits="4"  signature="()V" >
				<lines><line number="7120"  hits="4" /></lines>
			</method>
			<method name="inspectPrefiltersOrTransports"  hits="0"  signature="()V" >
				<lines><line number="7151"  hits="0" /></lines>
			</method>
			<method name="ajaxExtend"  hits="2"  signature="()V" >
				<lines><line number="7193"  hits="2" /></lines>
			</method>
			<method name="(anonymous_457)"  hits="0"  signature="()V" >
				<lines><line number="7206"  hits="0" /></lines>
			</method>
			<method name="(anonymous_458)"  hits="0"  signature="()V" >
				<lines><line number="7245"  hits="0" /></lines>
			</method>
			<method name="(anonymous_459)"  hits="0"  signature="()V" >
				<lines><line number="7250"  hits="0" /></lines>
			</method>
			<method name="(anonymous_460)"  hits="6"  signature="()V" >
				<lines><line number="7277"  hits="6" /></lines>
			</method>
			<method name="(anonymous_461)"  hits="0"  signature="()V" >
				<lines><line number="7278"  hits="0" /></lines>
			</method>
			<method name="(anonymous_462)"  hits="2"  signature="()V" >
				<lines><line number="7283"  hits="2" /></lines>
			</method>
			<method name="(anonymous_463)"  hits="0"  signature="()V" >
				<lines><line number="7284"  hits="0" /></lines>
			</method>
			<method name="(anonymous_464)"  hits="0"  signature="()V" >
				<lines><line number="7304"  hits="0" /></lines>
			</method>
			<method name="(anonymous_465)"  hits="0"  signature="()V" >
				<lines><line number="7308"  hits="0" /></lines>
			</method>
			<method name="(anonymous_466)"  hits="2"  signature="()V" >
				<lines><line number="7315"  hits="2" /></lines>
			</method>
			<method name="(anonymous_467)"  hits="0"  signature="()V" >
				<lines><line number="7399"  hits="0" /></lines>
			</method>
			<method name="(anonymous_468)"  hits="0"  signature="()V" >
				<lines><line number="7453"  hits="0" /></lines>
			</method>
			<method name="(anonymous_469)"  hits="0"  signature="()V" >
				<lines><line number="7463"  hits="0" /></lines>
			</method>
			<method name="(anonymous_470)"  hits="0"  signature="()V" >
				<lines><line number="7468"  hits="0" /></lines>
			</method>
			<method name="(anonymous_471)"  hits="0"  signature="()V" >
				<lines><line number="7483"  hits="0" /></lines>
			</method>
			<method name="(anonymous_472)"  hits="0"  signature="()V" >
				<lines><line number="7491"  hits="0" /></lines>
			</method>
			<method name="done"  hits="0"  signature="()V" >
				<lines><line number="7504"  hits="0" /></lines>
			</method>
			<method name="(anonymous_474)"  hits="0"  signature="()V" >
				<lines><line number="7618"  hits="0" /></lines>
			</method>
			<method name="(anonymous_475)"  hits="0"  signature="()V" >
				<lines><line number="7761"  hits="0" /></lines>
			</method>
			<method name="ajaxHandleResponses"  hits="0"  signature="()V" >
				<lines><line number="7797"  hits="0" /></lines>
			</method>
			<method name="ajaxConvert"  hits="0"  signature="()V" >
				<lines><line number="7859"  hits="0" /></lines>
			</method>
			<method name="(anonymous_478)"  hits="0"  signature="()V" >
				<lines><line number="7951"  hits="0" /></lines>
			</method>
			<method name="(anonymous_479)"  hits="0"  signature="()V" >
				<lines><line number="7959"  hits="0" /></lines>
			</method>
			<method name="(anonymous_480)"  hits="0"  signature="()V" >
				<lines><line number="7989"  hits="0" /></lines>
			</method>
			<method name="(anonymous_481)"  hits="0"  signature="()V" >
				<lines><line number="8000"  hits="0" /></lines>
			</method>
			<method name="(anonymous_482)"  hits="0"  signature="()V" >
				<lines><line number="8005"  hits="0" /></lines>
			</method>
			<method name="(anonymous_483)"  hits="0"  signature="()V" >
				<lines><line number="8039"  hits="0" /></lines>
			</method>
			<method name="(anonymous_484)"  hits="0"  signature="()V" >
				<lines><line number="8047"  hits="0" /></lines>
			</method>
			<method name="(anonymous_485)"  hits="0"  signature="()V" >
				<lines><line number="8058"  hits="0" /></lines>
			</method>
			<method name="(anonymous_486)"  hits="0"  signature="()V" >
				<lines><line number="8068"  hits="0" /></lines>
			</method>
			<method name="(anonymous_487)"  hits="0"  signature="()V" >
				<lines><line number="8081"  hits="0" /></lines>
			</method>
			<method name="(anonymous_488)"  hits="0"  signature="()V" >
				<lines><line number="8107"  hits="0" /></lines>
			</method>
			<method name="(anonymous_489)"  hits="0"  signature="()V" >
				<lines><line number="8117"  hits="0" /></lines>
			</method>
			<method name="createStandardXHR"  hits="1"  signature="()V" >
				<lines><line number="8126"  hits="1" /></lines>
			</method>
			<method name="createActiveXHR"  hits="0"  signature="()V" >
				<lines><line number="8132"  hits="0" /></lines>
			</method>
			<method name="(anonymous_492)"  hits="0"  signature="()V" >
				<lines><line number="8147"  hits="0" /></lines>
			</method>
			<method name="(anonymous_493)"  hits="1"  signature="()V" >
				<lines><line number="8154"  hits="1" /></lines>
			</method>
			<method name="(anonymous_494)"  hits="0"  signature="()V" >
				<lines><line number="8164"  hits="0" /></lines>
			</method>
			<method name="(anonymous_495)"  hits="0"  signature="()V" >
				<lines><line number="8171"  hits="0" /></lines>
			</method>
			<method name="(anonymous_496)"  hits="0"  signature="()V" >
				<lines><line number="8219"  hits="0" /></lines>
			</method>
			<method name="(anonymous_497)"  hits="0"  signature="()V" >
				<lines><line number="8327"  hits="0" /></lines>
			</method>
			<method name="(anonymous_498)"  hits="0"  signature="()V" >
				<lines><line number="8342"  hits="0" /></lines>
			</method>
			<method name="createFxNow"  hits="0"  signature="()V" >
				<lines><line number="8387"  hits="0" /></lines>
			</method>
			<method name="(anonymous_500)"  hits="0"  signature="()V" >
				<lines><line number="8388"  hits="0" /></lines>
			</method>
			<method name="createTweens"  hits="0"  signature="()V" >
				<lines><line number="8394"  hits="0" /></lines>
			</method>
			<method name="(anonymous_502)"  hits="0"  signature="()V" >
				<lines><line number="8395"  hits="0" /></lines>
			</method>
			<method name="Animation"  hits="0"  signature="()V" >
				<lines><line number="8409"  hits="0" /></lines>
			</method>
			<method name="(anonymous_504)"  hits="0"  signature="()V" >
				<lines><line number="8414"  hits="0" /></lines>
			</method>
			<method name="(anonymous_505)"  hits="0"  signature="()V" >
				<lines><line number="8418"  hits="0" /></lines>
			</method>
			<method name="(anonymous_506)"  hits="0"  signature="()V" >
				<lines><line number="8447"  hits="0" /></lines>
			</method>
			<method name="(anonymous_507)"  hits="0"  signature="()V" >
				<lines><line number="8453"  hits="0" /></lines>
			</method>
			<method name="propFilter"  hits="0"  signature="()V" >
				<lines><line number="8505"  hits="0" /></lines>
			</method>
			<method name="(anonymous_509)"  hits="0"  signature="()V" >
				<lines><line number="8544"  hits="0" /></lines>
			</method>
			<method name="(anonymous_510)"  hits="0"  signature="()V" >
				<lines><line number="8563"  hits="0" /></lines>
			</method>
			<method name="defaultPrefilter"  hits="0"  signature="()V" >
				<lines><line number="8572"  hits="0" /></lines>
			</method>
			<method name="(anonymous_512)"  hits="0"  signature="()V" >
				<lines><line number="8586"  hits="0" /></lines>
			</method>
			<method name="(anonymous_513)"  hits="0"  signature="()V" >
				<lines><line number="8594"  hits="0" /></lines>
			</method>
			<method name="(anonymous_514)"  hits="0"  signature="()V" >
				<lines><line number="8597"  hits="0" /></lines>
			</method>
			<method name="(anonymous_515)"  hits="0"  signature="()V" >
				<lines><line number="8633"  hits="0" /></lines>
			</method>
			<method name="(anonymous_516)"  hits="0"  signature="()V" >
				<lines><line number="8660"  hits="0" /></lines>
			</method>
			<method name="(anonymous_517)"  hits="0"  signature="()V" >
				<lines><line number="8664"  hits="0" /></lines>
			</method>
			<method name="Tween"  hits="0"  signature="()V" >
				<lines><line number="8687"  hits="0" /></lines>
			</method>
			<method name="(anonymous_519)"  hits="0"  signature="()V" >
				<lines><line number="8694"  hits="0" /></lines>
			</method>
			<method name="(anonymous_520)"  hits="0"  signature="()V" >
				<lines><line number="8703"  hits="0" /></lines>
			</method>
			<method name="(anonymous_521)"  hits="0"  signature="()V" >
				<lines><line number="8710"  hits="0" /></lines>
			</method>
			<method name="(anonymous_522)"  hits="0"  signature="()V" >
				<lines><line number="8734"  hits="0" /></lines>
			</method>
			<method name="(anonymous_523)"  hits="0"  signature="()V" >
				<lines><line number="8750"  hits="0" /></lines>
			</method>
			<method name="(anonymous_524)"  hits="0"  signature="()V" >
				<lines><line number="8768"  hits="0" /></lines>
			</method>
			<method name="(anonymous_525)"  hits="3"  signature="()V" >
				<lines><line number="8775"  hits="3" /></lines>
			</method>
			<method name="(anonymous_526)"  hits="0"  signature="()V" >
				<lines><line number="8777"  hits="0" /></lines>
			</method>
			<method name="(anonymous_527)"  hits="0"  signature="()V" >
				<lines><line number="8787"  hits="0" /></lines>
			</method>
			<method name="(anonymous_528)"  hits="0"  signature="()V" >
				<lines><line number="8795"  hits="0" /></lines>
			</method>
			<method name="(anonymous_529)"  hits="0"  signature="()V" >
				<lines><line number="8798"  hits="0" /></lines>
			</method>
			<method name="(anonymous_530)"  hits="0"  signature="()V" >
				<lines><line number="8812"  hits="0" /></lines>
			</method>
			<method name="(anonymous_531)"  hits="0"  signature="()V" >
				<lines><line number="8813"  hits="0" /></lines>
			</method>
			<method name="(anonymous_532)"  hits="0"  signature="()V" >
				<lines><line number="8828"  hits="0" /></lines>
			</method>
			<method name="genFx"  hits="3"  signature="()V" >
				<lines><line number="8865"  hits="3" /></lines>
			</method>
			<method name="(anonymous_534)"  hits="6"  signature="()V" >
				<lines><line number="8892"  hits="6" /></lines>
			</method>
			<method name="(anonymous_535)"  hits="0"  signature="()V" >
				<lines><line number="8893"  hits="0" /></lines>
			</method>
			<method name="(anonymous_536)"  hits="0"  signature="()V" >
				<lines><line number="8898"  hits="0" /></lines>
			</method>
			<method name="(anonymous_537)"  hits="0"  signature="()V" >
				<lines><line number="8917"  hits="0" /></lines>
			</method>
			<method name="(anonymous_538)"  hits="0"  signature="()V" >
				<lines><line number="8931"  hits="0" /></lines>
			</method>
			<method name="(anonymous_539)"  hits="0"  signature="()V" >
				<lines><line number="8934"  hits="0" /></lines>
			</method>
			<method name="(anonymous_540)"  hits="0"  signature="()V" >
				<lines><line number="8941"  hits="0" /></lines>
			</method>
			<method name="(anonymous_541)"  hits="0"  signature="()V" >
				<lines><line number="8959"  hits="0" /></lines>
			</method>
			<method name="(anonymous_542)"  hits="0"  signature="()V" >
				<lines><line number="8967"  hits="0" /></lines>
			</method>
			<method name="(anonymous_543)"  hits="0"  signature="()V" >
				<lines><line number="8983"  hits="0" /></lines>
			</method>
[...]
			<line number="8556"  hits="0"  branch="false" />
			<line number="8557"  hits="0"  branch="false" />
			<line number="8558"  hits="0"  branch="true"  condition-coverage="0% (0/2)" />
			<line number="8559"  hits="0"  branch="false" />
			<line number="8564"  hits="0"  branch="true"  condition-coverage="0% (0/2)" />
			<line number="8565"  hits="0"  branch="false" />
			<line number="8567"  hits="0"  branch="false" />
			<line number="8572"  hits="1"  branch="false" />
			<line number="8573"  hits="0"  branch="false" />
			<line number="8581"  hits="0"  branch="true"  condition-coverage="0% (0/2)" />
			<line number="8582"  hits="0"  branch="false" />
			<line number="8583"  hits="0"  branch="true"  condition-coverage="0% (0/2)" />
			<line number="8584"  hits="0"  branch="false" />
			<line number="8585"  hits="0"  branch="false" />
			<line number="8586"  hits="0"  branch="false" />
			<line number="8587"  hits="0"  branch="true"  condition-coverage="0% (0/2)" />
			<line number="8588"  hits="0"  branch="false" />
			<line number="8592"  hits="0"  branch="false" />
			<line number="8594"  hits="0"  branch="false" />
			<line number="8597"  hits="0"  branch="false" />
			<line number="8598"  hits="0"  branch="false" />
			<line number="8599"  hits="0"  branch="true"  condition-coverage="0% (0/2)" />
			<line number="8600"  hits="0"  branch="false" />
			<line number="8607"  hits="0"  branch="true"  condition-coverage="0% (0/5)" />
			<line number="8612"  hits="0"  branch="false" />
			<line number="8616"  hits="0"  branch="true"  condition-coverage="0% (0/4)" />
			<line number="8621"  hits="0"  branch="true"  condition-coverage="0% (0/4)" />
			<line number="8622"  hits="0"  branch="false" />
			<line number="8625"  hits="0"  branch="false" />
			<line number="8630"  hits="0"  branch="true"  condition-coverage="0% (0/2)" />
			<line number="8631"  hits="0"  branch="false" />
			<line number="8632"  hits="0"  branch="true"  condition-coverage="0% (0/2)" />
			<line number="8633"  hits="0"  branch="false" />
			<line number="8634"  hits="0"  branch="false" />
			<line number="8635"  hits="0"  branch="false" />
			<line number="8636"  hits="0"  branch="false" />
			<line number="8643"  hits="0"  branch="false" />
			<line number="8644"  hits="0"  branch="false" />
			<line number="8645"  hits="0"  branch="true"  condition-coverage="0% (0/2)" />
			<line number="8646"  hits="0"  branch="false" />
			<line number="8647"  hits="0"  branch="true"  condition-coverage="0% (0/4)" />
			<line number="8648"  hits="0"  branch="false" />
			<line number="8650"  hits="0"  branch="false" />
			<line number="8654"  hits="0"  branch="false" />
			<line number="8655"  hits="0"  branch="true"  condition-coverage="0% (0/2)" />
			<line number="8656"  hits="0"  branch="true"  condition-coverage="0% (0/2)" />
			<line number="8657"  hits="0"  branch="true"  condition-coverage="0% (0/2)" />
			<line number="8658"  hits="0"  branch="false" />
			<line number="8660"  hits="0"  branch="false" />
			<line number="8661"  hits="0"  branch="false" />
			<line number="8664"  hits="0"  branch="false" />
			<line number="8665"  hits="0"  branch="false" />
			<line number="8666"  hits="0"  branch="false" />
			<line number="8667"  hits="0"  branch="false" />
			<line number="8668"  hits="0"  branch="false" />
			<line number="8671"  hits="0"  branch="false" />
			<line number="8672"  hits="0"  branch="false" />
			<line number="8673"  hits="0"  branch="true"  condition-coverage="0% (0/2)" />
			<line number="8674"  hits="0"  branch="true"  condition-coverage="0% (0/2)" />
			<line number="8676"  hits="0"  branch="true"  condition-coverage="0% (0/2)" />
			<line number="8677"  hits="0"  branch="false" />
			<line number="8678"  hits="0"  branch="true"  condition-coverage="0% (0/2)" />
			<line number="8679"  hits="0"  branch="false" />
			<line number="8680"  hits="0"  branch="true"  condition-coverage="0% (0/4)" />
			<line number="8687"  hits="1"  branch="false" />
			<line number="8688"  hits="0"  branch="false" />
			<line number="8690"  hits="1"  branch="false" />
			<line number="8692"  hits="1"  branch="false" />
			<line number="8695"  hits="0"  branch="false" />
			<line number="8696"  hits="0"  branch="false" />
			<line number="8697"  hits="0"  branch="true"  condition-coverage="0% (0/2)" />
			<line number="8698"  hits="0"  branch="false" />
			<line number="8699"  hits="0"  branch="false" />
			<line number="8700"  hits="0"  branch="false" />
			<line number="8701"  hits="0"  branch="true"  condition-coverage="0% (0/4)" />
			<line number="8704"  hits="0"  branch="false" />
			<line number="8706"  hits="0"  branch="true"  condition-coverage="0% (0/4)" />
			<line number="8711"  hits="0"  branch="false" />
			<line number="8714"  hits="0"  branch="false" />
			<line number="8715"  hits="0"  branch="false" />
			<line number="8717"  hits="0"  branch="true"  condition-coverage="0% (0/2)" />
			<line number="8718"  hits="0"  branch="false" />
			<line number="8721"  hits="0"  branch="true"  condition-coverage="0% (0/4)" />
			<line number="8722"  hits="0"  branch="false" />
			<line number="8724"  hits="0"  branch="false" />
			<line number="8726"  hits="0"  branch="false" />
			<line number="8730"  hits="1"  branch="false" />
			<line number="8732"  hits="1"  branch="false" />
			<line number="8735"  hits="0"  branch="false" />
			<line number="8737"  hits="0"  branch="true"  condition-coverage="0% (0/5)" />
			<line number="8739"  hits="0"  branch="false" />
			<line number="8746"  hits="0"  branch="false" />
			<line number="8748"  hits="0"  branch="true"  condition-coverage="0% (0/4)" />
			<line number="8753"  hits="0"  branch="true"  condition-coverage="0% (0/2)" />
			<line number="8754"  hits="0"  branch="false" />
			<line number="8755"  hits="0"  branch="true"  condition-coverage="0% (0/5)" />
			<line number="8756"  hits="0"  branch="false" />
			<line number="8758"  hits="0"  branch="false" />
			<line number="8767"  hits="1"  branch="false" />
			<line number="8769"  hits="0"  branch="true"  condition-coverage="0% (0/4)" />
			<line number="8770"  hits="0"  branch="false" />
			<line number="8775"  hits="1"  branch="false" />
			<line number="8776"  hits="3"  branch="false" />
			<line number="8777"  hits="3"  branch="false" />
			<line number="8778"  hits="0"  branch="true"  condition-coverage="0% (0/7)" />
			<line number="8786"  hits="1"  branch="false" />
			<line number="8790"  hits="0"  branch="false" />
			<line number="8796"  hits="0"  branch="false" />
			<line number="8800"  hits="0"  branch="false" />
			<line number="8803"  hits="0"  branch="true"  condition-coverage="0% (0/2)" />
			<line number="8804"  hits="0"  branch="false" />
			<line number="8808"  hits="0"  branch="true"  condition-coverage="0% (0/4)" />
			<line number="8813"  hits="0"  branch="false" />
			<line number="8814"  hits="0"  branch="false" />
			<line number="8815"  hits="0"  branch="false" />
			<line number="8816"  hits="0"  branch="false" />
			<line number="8819"  hits="0"  branch="true"  condition-coverage="0% (0/2)" />
			<line number="8820"  hits="0"  branch="false" />
			<line number="8821"  hits="0"  branch="false" />
			<line number="8822"  hits="0"  branch="false" />
			<line number="8824"  hits="0"  branch="true"  condition-coverage="0% (0/4)" />
			<line number="8825"  hits="0"  branch="true"  condition-coverage="0% (0/2)" />
			<line number="8828"  hits="0"  branch="false" />
			<line number="8829"  hits="0"  branch="false" />
			<line number="8834"  hits="0"  branch="true"  condition-coverage="0% (0/2)" />
			<line number="8835"  hits="0"  branch="true"  condition-coverage="0% (0/4)" />
			<line number="8836"  hits="0"  branch="false" />
			<line number="8839"  hits="0"  branch="false" />
			<line number="8840"  hits="0"  branch="true"  condition-coverage="0% (0/5)" />
			<line number="8841"  hits="0"  branch="false" />
			<line number="8846"  hits="0"  branch="false" />
			<line number="8847"  hits="0"  branch="true"  condition-coverage="0% (0/5)" />
			<line number="8848"  hits="0"  branch="false" />
			<line number="8849"  hits="0"  branch="false" />
			<line number="8850"  hits="0"  branch="false" />
			<line number="8857"  hits="0"  branch="true"  condition-coverage="0% (0/4)" />
			<line number="8858"  hits="0"  branch="false" />
			<line number="8865"  hits="1"  branch="false" />
			<line number="8866"  hits="3"  branch="false" />
			<line number="8872"  hits="3"  branch="false" />
			<line number="8873"  hits="3"  branch="false" />
			<line number="8874"  hits="3"  branch="false" />
			<line number="8877"  hits="3"  branch="true"  condition-coverage="50% (1/2)" />
			<line number="8878"  hits="0"  branch="false" />
			<line number="8881"  hits="3"  branch="false" />
			<line number="8885"  hits="1"  branch="false" />
			<line number="8893"  hits="6"  branch="false" />
			<line number="8894"  hits="0"  branch="false" />
			<line number="8898"  hits="1"  branch="false" />
			<line number="8899"  hits="0"  branch="true"  condition-coverage="0% (0/4)" />
			<line number="8906"  hits="0"  branch="true"  condition-coverage="0% (0/4)" />
			<line number="8910"  hits="0"  branch="true"  condition-coverage="0% (0/4)" />
			<line number="8911"  hits="0"  branch="false" />
			<line number="8915"  hits="0"  branch="false" />
			<line number="8917"  hits="0"  branch="false" />
			<line number="8918"  hits="0"  branch="true"  condition-coverage="0% (0/2)" />
			<line number="8919"  hits="0"  branch="false" />
			<line number="8922"  hits="0"  branch="true"  condition-coverage="0% (0/2)" />
			<line number="8923"  hits="0"  branch="false" />
			<line number="8927"  hits="0"  branch="false" />
			<line number="8930"  hits="1"  branch="false" />
			<line number="8932"  hits="0"  branch="false" />
			<line number="8935"  hits="0"  branch="false" />
			<line number="8939"  hits="1"  branch="false" />
			<line number="8940"  hits="1"  branch="false" />
			<line number="8941"  hits="1"  branch="false" />
			<line number="8942"  hits="0"  branch="false" />
			<line number="8946"  hits="0"  branch="false" />
			<line number="8947"  hits="0"  branch="false" />
			<line number="8949"  hits="0"  branch="true"  condition-coverage="0% (0/4)" />
			<line number="8950"  hits="0"  branch="false" />
			<line number="8954"  hits="0"  branch="true"  condition-coverage="0% (0/2)" />
			<line number="8955"  hits="0"  branch="false" />
			<line number="8959"  hits="1"  branch="false" />
			<line number="8960"  hits="0"  branch="true"  condition-coverage="0% (0/5)" />
			<line number="8961"  hits="0"  branch="false" />
			<line number="8965"  hits="1"  branch="false" />
			<line number="8967"  hits="1"  branch="false" />
			<line number="8968"  hits="0"  branch="false" />
			<line number="8969"  hits="0"  branch="false" />
			<line number="8972"  hits="1"  branch="false" />
			<line number="8980"  hits="1"  branch="false" />
			<line number="8982"  hits="1"  branch="true"  condition-coverage="75% (3/4)" />
			<line number="8983"  hits="1"  branch="false" />
			<line number="8984"  hits="0"  branch="false" />
			<line number="8985"  hits="0"  branch="false" />
			<line number="8989"  hits="1"  branch="false" />
			<line number="8991"  hits="1"  branch="false" />
			<line number="8992"  hits="0"  branch="true"  condition-coverage="0% (0/2)" />
			<line number="8993"  hits="0"  branch="true"  condition-coverage="0% (0/2)" />
			<line number="8996"  hits="0"  branch="false" />
			<line number="9000"  hits="0"  branch="false" />
			<line number="9004"  hits="0"  branch="true"  condition-coverage="0% (0/2)" />
			<line number="9005"  hits="0"  branch="false" />
			<line number="9008"  hits="0"  branch="true"  condition-coverage="0% (0/2)" />
			<line number="9009"  hits="0"  branch="false" />
			<line number="9012"  hits="0"  branch="false" />
			<line number="9015"  hits="0"  branch="true"  condition-coverage="0% (0/2)" />
			<line number="9016"  hits="0"  branch="false" />
			<line number="9019"  hits="0"  branch="false" />
			<line number="9020"  hits="0"  branch="false" />
			<line number="9021"  hits="0"  branch="true"  condition-coverage="0% (0/3)" />
			<line number="9022"  hits="0"  branch="true"  condition-coverage="0% (0/3)" />
			<line number="9023"  hits="0"  branch="true"  condition-coverage="0% (0/2)" />
			<line number="9024"  hits="0"  branch="true"  condition-coverage="0% (0/2)" />
			<line number="9025"  hits="0"  branch="false" />
			<line number="9026"  hits="0"  branch="false" />
			<line number="9028"  hits="0"  branch="false" />
			<line number="9031"  hits="1"  branch="false" />
			<line number="9034"  hits="0"  branch="false" />
			<line number="9037"  hits="0"  branch="true"  condition-coverage="0% (0/2)" />
			<line number="9038"  hits="0"  branch="true"  condition-coverage="0% (0/2)" />
			<line number="9039"  hits="0"  branch="true"  condition-coverage="0% (0/2)" />
			<line number="9042"  hits="0"  branch="false" />
			<line number="9046"  hits="0"  branch="false" />
			<line number="9049"  hits="0"  branch="true"  condition-coverage="0% (0/2)" />
			<line number="9050"  hits="0"  branch="false" />
			<line number="9053"  hits="0"  branch="false" />
			<line number="9061"  hits="0"  branch="true"  condition-coverage="0% (0/2)" />
			<line number="9062"  hits="0"  branch="false" />
			<line number="9063"  hits="0"  branch="false" />
			<line number="9064"  hits="0"  branch="false" />
			<line number="9066"  hits="0"  branch="true"  condition-coverage="0% (0/2)" />
			<line number="9067"  hits="0"  branch="true"  condition-coverage="0% (0/2)" />
			<line number="9070"  hits="0"  branch="true"  condition-coverage="0% (0/2)" />
			<line number="9071"  hits="0"  branch="false" />
			<line number="9074"  hits="0"  branch="true"  condition-coverage="0% (0/2)" />
			<line number="9075"  hits="0"  branch="false" />
			<line number="9077"  hits="0"  branch="true"  condition-coverage="0% (0/2)" />
			<line number="9078"  hits="0"  branch="false" />
			<line number="9081"  hits="0"  branch="true"  condition-coverage="0% (0/2)" />
			<line number="9082"  hits="0"  branch="false" />
			<line number="9084"  hits="0"  branch="false" />
			<line number="9090"  hits="1"  branch="false" />
			<line number="9093"  hits="0"  branch="true"  condition-coverage="0% (0/2)" />
			<line number="9094"  hits="0"  branch="false" />
			<line number="9097"  hits="0"  branch="false" />
			<line number="9109"  hits="0"  branch="true"  condition-coverage="0% (0/2)" />
			<line number="9110"  hits="0"  branch="true"  condition-coverage="0% (0/2)" />
			<line number="9113"  hits="0"  branch="true"  condition-coverage="0% (0/2)" />
			<line number="9114"  hits="0"  branch="true"  condition-coverage="0% (0/2)" />
			<line number="9117"  hits="0"  branch="false" />
			<line number="9124"  hits="0"  branch="false" />
			<line number="9125"  hits="0"  branch="true"  condition-coverage="0% (0/2)" />
			<line number="9126"  hits="0"  branch="true"  condition-coverage="0% (0/3)" />
			<line number="9127"  hits="0"  branch="false" />
			<line number="9129"  hits="0"  branch="true"  condition-coverage="0% (0/2)" />
			<line number="9136"  hits="1"  branch="false" />
			<line number="9137"  hits="2"  branch="false" />
			<line number="9139"  hits="2"  branch="false" />
			<line number="9140"  hits="0"  branch="false" />
			<line number="9141"  hits="0"  branch="false" />
			<line number="9143"  hits="0"  branch="true"  condition-coverage="0% (0/2)" />
			<line number="9144"  hits="0"  branch="true"  condition-coverage="0% (0/4)" />
			<line number="9149"  hits="0"  branch="true"  condition-coverage="0% (0/2)" />
			<line number="9150"  hits="0"  branch="false" />
			<line number="9156"  hits="0"  branch="false" />
			<line number="9162"  hits="1"  branch="false" />
			<line number="9163"  hits="0"  branch="true"  condition-coverage="0% (0/2)" />
			<line number="9170"  hits="1"  branch="false" />
			<line number="9171"  hits="2"  branch="false" />
			<line number="9173"  hits="6"  branch="false" />
			<line number="9174"  hits="0"  branch="true"  condition-coverage="0% (0/3)" />
			<line number="9177"  hits="0"  branch="false" />
			<line number="9178"  hits="0"  branch="false" />
			<line number="9180"  hits="0"  branch="true"  condition-coverage="0% (0/2)" />
			<line number="9184"  hits="0"  branch="false" />
			<line number="9188"  hits="0"  branch="true"  condition-coverage="0% (0/2)" />
			<line number="9189"  hits="0"  branch="false" />
			<line number="9193"  hits="0"  branch="false" />
			<line number="9200"  hits="0"  branch="true"  condition-coverage="0% (0/2)" />
			<line number="9211"  hits="1"  branch="false" />
			<line number="9225"  hits="1"  branch="true"  condition-coverage="40% (2/5)" />
			<line number="9226"  hits="0"  branch="false" />
		</lines>
		</class>
		<class name="my-project-name.js"  filename="src\j\my-project-name.js"  line-rate="0.5"  branch-rate="1" >
		<methods>
			<method name="sum"  hits="0"  signature="()V" >
				<lines><line number="1"  hits="0" /></lines>
			</method>
		</methods>
		<lines>
			<line number="1"  hits="1"  branch="false" />
			<line number="2"  hits="0"  branch="false" />
		</lines>
		</class>
		<class name="tab.js"  filename="src\j\tab.js"  line-rate="0.16670000000000001"  branch-rate="0" >
		<methods>
			<method name="(anonymous_1)"  hits="1"  signature="()V" >
				<lines><line number="2"  hits="1" /></lines>
			</method>
			<method name="(anonymous_2)"  hits="0"  signature="()V" >
				<lines><line number="3"  hits="0" /></lines>
			</method>
			<method name="(anonymous_3)"  hits="0"  signature="()V" >
				<lines><line number="5"  hits="0" /></lines>
			</method>
			<method name="(anonymous_4)"  hits="0"  signature="()V" >
				<lines><line number="15"  hits="0" /></lines>
			</method>
			<method name="(anonymous_5)"  hits="0"  signature="()V" >
				<lines><line number="17"  hits="0" /></lines>
			</method>
		</methods>
		<lines>
			<line number="2"  hits="1"  branch="false" />
			<line number="3"  hits="1"  branch="false" />
			<line number="4"  hits="0"  branch="false" />
			<line number="5"  hits="0"  branch="false" />
			<line number="6"  hits="0"  branch="false" />
			<line number="9"  hits="0"  branch="true"  condition-coverage="0% (0/2)" />
			<line number="10"  hits="0"  branch="false" />
			<line number="14"  hits="0"  branch="false" />
			<line number="15"  hits="0"  branch="false" />
			<line number="16"  hits="0"  branch="true"  condition-coverage="0% (0/2)" />
			<line number="17"  hits="0"  branch="false" />
			<line number="18"  hits="0"  branch="false" />
			<line number="19"  hits="0"  branch="false" />
			<line number="20"  hits="0"  branch="false" />
			<line number="21"  hits="0"  branch="false" />
			<line number="22"  hits="0"  branch="true"  condition-coverage="0% (0/2)" />
			<line number="23"  hits="0"  branch="false" />
			<line number="30"  hits="1"  branch="false" />
		</lines>
		</class>
		<class name="tab.min.js"  filename="src\j\tab.min.js"  line-rate="1"  branch-rate="0" >
		<methods>
			<method name="(anonymous_1)"  hits="1"  signature="()V" >
				<lines><line number="1"  hits="1" /></lines>
			</method>
			<method name="(anonymous_2)"  hits="0"  signature="()V" >
				<lines><line number="1"  hits="0" /></lines>
			</method>
			<method name="(anonymous_3)"  hits="0"  signature="()V" >
				<lines><line number="1"  hits="0" /></lines>
			</method>
			<method name="(anonymous_4)"  hits="0"  signature="()V" >
				<lines><line number="1"  hits="0" /></lines>
			</method>
			<method name="(anonymous_5)"  hits="0"  signature="()V" >
				<lines><line number="1"  hits="0" /></lines>
			</method>
		</methods>
		<lines>
			<line number="1"  hits="1"  branch="true"  condition-coverage="0% (0/2)" />
		</lines>
		</class>
	</classes>
	</package>
</packages>
</coverage>
